{"/home/faion/Projects/faion-network-storybook/src/components/ArticlePage.tsx": {"path":"/home/faion/Projects/faion-network-storybook/src/components/ArticlePage.tsx","statementMap":{"0":{"start":{"line":11,"column":41},"end":{"line":11,"column":null}},"1":{"start":{"line":13,"column":26},"end":{"line":20,"column":null}},"2":{"start":{"line":14,"column":20},"end":{"line":14,"column":null}},"3":{"start":{"line":15,"column":4},"end":{"line":19,"column":null}},"4":{"start":{"line":16,"column":21},"end":{"line":16,"column":null}},"5":{"start":{"line":17,"column":30},"end":{"line":17,"column":null}},"6":{"start":{"line":18,"column":6},"end":{"line":18,"column":null}},"7":{"start":{"line":22,"column":2},"end":{"line":542,"column":null}},"8":{"start":{"line":40,"column":31},"end":{"line":40,"column":null}},"9":{"start":{"line":47,"column":31},"end":{"line":47,"column":null}},"10":{"start":{"line":54,"column":31},"end":{"line":54,"column":null}}},"fnMap":{"0":{"name":"ArticlePage","decl":{"start":{"line":10,"column":24},"end":{"line":10,"column":36}},"loc":{"start":{"line":10,"column":68},"end":{"line":545,"column":null}},"line":10},"1":{"name":"(anonymous_1)","decl":{"start":{"line":13,"column":26},"end":{"line":13,"column":27}},"loc":{"start":{"line":13,"column":27},"end":{"line":20,"column":null}},"line":13},"2":{"name":"(anonymous_2)","decl":{"start":{"line":40,"column":25},"end":{"line":40,"column":31}},"loc":{"start":{"line":40,"column":31},"end":{"line":40,"column":null}},"line":40},"3":{"name":"(anonymous_3)","decl":{"start":{"line":47,"column":25},"end":{"line":47,"column":31}},"loc":{"start":{"line":47,"column":31},"end":{"line":47,"column":null}},"line":47},"4":{"name":"(anonymous_4)","decl":{"start":{"line":54,"column":25},"end":{"line":54,"column":31}},"loc":{"start":{"line":54,"column":31},"end":{"line":54,"column":null}},"line":54}},"branchMap":{"0":{"loc":{"start":{"line":15,"column":4},"end":{"line":19,"column":null}},"type":"if","locations":[{"start":{"line":15,"column":4},"end":{"line":19,"column":null}},{"start":{},"end":{}}],"line":15}},"s":{"0":0,"1":0,"2":0,"3":0,"4":0,"5":0,"6":0,"7":0,"8":0,"9":0,"10":0},"f":{"0":0,"1":0,"2":0,"3":0,"4":0},"b":{"0":[0,0]},"meta":{"lastBranch":1,"lastFunction":5,"lastStatement":11,"seen":{"f:10:24:10:36":0,"s:11:41:11:Infinity":0,"s:13:26:20:Infinity":1,"f:13:26:13:27":1,"s:14:20:14:Infinity":2,"b:15:4:19:Infinity:undefined:undefined:undefined:undefined":0,"s:15:4:19:Infinity":3,"s:16:21:16:Infinity":4,"s:17:30:17:Infinity":5,"s:18:6:18:Infinity":6,"s:22:2:542:Infinity":7,"f:40:25:40:31":2,"s:40:31:40:Infinity":8,"f:47:25:47:31":3,"s:47:31:47:Infinity":9,"f:54:25:54:31":4,"s:54:31:54:Infinity":10}}}
,"/home/faion/Projects/faion-network-storybook/src/components/Content.tsx": {"path":"/home/faion/Projects/faion-network-storybook/src/components/Content.tsx","statementMap":{"0":{"start":{"line":54,"column":2},"end":{"line":56,"column":null}},"1":{"start":{"line":66,"column":14},"end":{"line":66,"column":25}},"2":{"start":{"line":68,"column":2},"end":{"line":70,"column":null}},"3":{"start":{"line":80,"column":2},"end":{"line":82,"column":null}},"4":{"start":{"line":92,"column":2},"end":{"line":95,"column":null}},"5":{"start":{"line":105,"column":14},"end":{"line":105,"column":null}},"6":{"start":{"line":107,"column":2},"end":{"line":110,"column":22}},"7":{"start":{"line":109,"column":24},"end":{"line":110,"column":22}},"8":{"start":{"line":122,"column":2},"end":{"line":124,"column":null}},"9":{"start":{"line":133,"column":2},"end":{"line":133,"column":null}},"10":{"start":{"line":140,"column":2},"end":{"line":142,"column":null}}},"fnMap":{"0":{"name":"Content","decl":{"start":{"line":53,"column":16},"end":{"line":53,"column":24}},"loc":{"start":{"line":53,"column":87},"end":{"line":59,"column":null}},"line":53},"1":{"name":"ContentHeading","decl":{"start":{"line":65,"column":16},"end":{"line":65,"column":31}},"loc":{"start":{"line":65,"column":87},"end":{"line":73,"column":null}},"line":65},"2":{"name":"ContentText","decl":{"start":{"line":79,"column":16},"end":{"line":79,"column":28}},"loc":{"start":{"line":79,"column":89},"end":{"line":85,"column":null}},"line":79},"3":{"name":"ContentBlockquote","decl":{"start":{"line":91,"column":16},"end":{"line":91,"column":34}},"loc":{"start":{"line":91,"column":86},"end":{"line":99,"column":null}},"line":91},"4":{"name":"ContentList","decl":{"start":{"line":104,"column":16},"end":{"line":104,"column":28}},"loc":{"start":{"line":104,"column":88},"end":{"line":116,"column":null}},"line":104},"5":{"name":"(anonymous_5)","decl":{"start":{"line":109,"column":17},"end":{"line":109,"column":18}},"loc":{"start":{"line":109,"column":24},"end":{"line":110,"column":22}},"line":109},"6":{"name":"ContentLink","decl":{"start":{"line":121,"column":16},"end":{"line":121,"column":28}},"loc":{"start":{"line":121,"column":80},"end":{"line":127,"column":null}},"line":121},"7":{"name":"ContentDivider","decl":{"start":{"line":132,"column":16},"end":{"line":132,"column":31}},"loc":{"start":{"line":132,"column":70},"end":{"line":134,"column":null}},"line":132},"8":{"name":"ContentLabel","decl":{"start":{"line":139,"column":16},"end":{"line":139,"column":29}},"loc":{"start":{"line":139,"column":76},"end":{"line":145,"column":null}},"line":139}},"branchMap":{"0":{"loc":{"start":{"line":53,"column":36},"end":{"line":53,"column":55}},"type":"default-arg","locations":[{"start":{"line":53,"column":47},"end":{"line":53,"column":55}}],"line":53},"1":{"loc":{"start":{"line":53,"column":57},"end":{"line":53,"column":71}},"type":"default-arg","locations":[{"start":{"line":53,"column":69},"end":{"line":53,"column":71}}],"line":53},"2":{"loc":{"start":{"line":65,"column":50},"end":{"line":65,"column":64}},"type":"default-arg","locations":[{"start":{"line":65,"column":62},"end":{"line":65,"column":64}}],"line":65},"3":{"loc":{"start":{"line":79,"column":40},"end":{"line":79,"column":53}},"type":"default-arg","locations":[{"start":{"line":79,"column":47},"end":{"line":79,"column":53}}],"line":79},"4":{"loc":{"start":{"line":79,"column":55},"end":{"line":79,"column":69}},"type":"default-arg","locations":[{"start":{"line":79,"column":67},"end":{"line":79,"column":69}}],"line":79},"5":{"loc":{"start":{"line":91,"column":46},"end":{"line":91,"column":60}},"type":"default-arg","locations":[{"start":{"line":91,"column":58},"end":{"line":91,"column":60}}],"line":91},"6":{"loc":{"start":{"line":104,"column":37},"end":{"line":104,"column":52}},"type":"default-arg","locations":[{"start":{"line":104,"column":47},"end":{"line":104,"column":52}}],"line":104},"7":{"loc":{"start":{"line":104,"column":54},"end":{"line":104,"column":68}},"type":"default-arg","locations":[{"start":{"line":104,"column":66},"end":{"line":104,"column":68}}],"line":104},"8":{"loc":{"start":{"line":105,"column":14},"end":{"line":105,"column":null}},"type":"cond-expr","locations":[{"start":{"line":105,"column":24},"end":{"line":105,"column":31}},{"start":{"line":105,"column":31},"end":{"line":105,"column":null}}],"line":105},"9":{"loc":{"start":{"line":108,"column":31},"end":{"line":108,"column":65}},"type":"cond-expr","locations":[{"start":{"line":108,"column":41},"end":{"line":108,"column":62}},{"start":{"line":108,"column":62},"end":{"line":108,"column":65}}],"line":108},"10":{"loc":{"start":{"line":121,"column":46},"end":{"line":121,"column":60}},"type":"default-arg","locations":[{"start":{"line":121,"column":58},"end":{"line":121,"column":60}}],"line":121},"11":{"loc":{"start":{"line":132,"column":33},"end":{"line":132,"column":47}},"type":"default-arg","locations":[{"start":{"line":132,"column":45},"end":{"line":132,"column":47}}],"line":132},"12":{"loc":{"start":{"line":139,"column":41},"end":{"line":139,"column":55}},"type":"default-arg","locations":[{"start":{"line":139,"column":53},"end":{"line":139,"column":55}}],"line":139}},"s":{"0":0,"1":0,"2":0,"3":0,"4":0,"5":0,"6":0,"7":0,"8":0,"9":0,"10":0},"f":{"0":0,"1":0,"2":0,"3":0,"4":0,"5":0,"6":0,"7":0,"8":0},"b":{"0":[0],"1":[0],"2":[0],"3":[0],"4":[0],"5":[0],"6":[0],"7":[0],"8":[0,0],"9":[0,0],"10":[0],"11":[0],"12":[0]},"meta":{"lastBranch":13,"lastFunction":9,"lastStatement":11,"seen":{"f:53:16:53:24":0,"b:53:47:53:55":0,"b:53:69:53:71":1,"s:54:2:56:Infinity":0,"f:65:16:65:31":1,"b:65:62:65:64":2,"s:66:14:66:25":1,"s:68:2:70:Infinity":2,"f:79:16:79:28":2,"b:79:47:79:53":3,"b:79:67:79:69":4,"s:80:2:82:Infinity":3,"f:91:16:91:34":3,"b:91:58:91:60":5,"s:92:2:95:Infinity":4,"f:104:16:104:28":4,"b:104:47:104:52":6,"b:104:66:104:68":7,"s:105:14:105:Infinity":5,"b:105:24:105:31:105:31:105:Infinity":8,"s:107:2:110:22":6,"b:108:41:108:62:108:62:108:65":9,"f:109:17:109:18":5,"s:109:24:110:22":7,"f:121:16:121:28":6,"b:121:58:121:60":10,"s:122:2:124:Infinity":8,"f:132:16:132:31":7,"b:132:45:132:47":11,"s:133:2:133:Infinity":9,"f:139:16:139:29":8,"b:139:53:139:55":12,"s:140:2:142:Infinity":10}}}
,"/home/faion/Projects/faion-network-storybook/src/components/DocumentationPage.tsx": {"path":"/home/faion/Projects/faion-network-storybook/src/components/DocumentationPage.tsx","statementMap":{"0":{"start":{"line":12,"column":41},"end":{"line":12,"column":null}},"1":{"start":{"line":14,"column":19},"end":{"line":22,"column":null}},"2":{"start":{"line":24,"column":17},"end":{"line":37,"column":null}},"3":{"start":{"line":39,"column":26},"end":{"line":45,"column":null}},"4":{"start":{"line":47,"column":2},"end":{"line":63,"column":null}},"5":{"start":{"line":48,"column":25},"end":{"line":59,"column":null}},"6":{"start":{"line":49,"column":30},"end":{"line":49,"column":null}},"7":{"start":{"line":49,"column":48},"end":{"line":49,"column":null}},"8":{"start":{"line":50,"column":29},"end":{"line":50,"column":null}},"9":{"start":{"line":52,"column":6},"end":{"line":58,"column":null}},"10":{"start":{"line":52,"column":19},"end":{"line":52,"column":47}},"11":{"start":{"line":53,"column":24},"end":{"line":53,"column":42}},"12":{"start":{"line":54,"column":8},"end":{"line":57,"column":null}},"13":{"start":{"line":55,"column":10},"end":{"line":55,"column":null}},"14":{"start":{"line":56,"column":10},"end":{"line":56,"column":null}},"15":{"start":{"line":61,"column":4},"end":{"line":61,"column":null}},"16":{"start":{"line":62,"column":4},"end":{"line":62,"column":null}},"17":{"start":{"line":62,"column":17},"end":{"line":62,"column":null}},"18":{"start":{"line":65,"column":26},"end":{"line":72,"column":null}},"19":{"start":{"line":66,"column":20},"end":{"line":66,"column":null}},"20":{"start":{"line":67,"column":4},"end":{"line":71,"column":null}},"21":{"start":{"line":68,"column":21},"end":{"line":68,"column":null}},"22":{"start":{"line":69,"column":30},"end":{"line":69,"column":null}},"23":{"start":{"line":70,"column":6},"end":{"line":70,"column":null}},"24":{"start":{"line":74,"column":2},"end":{"line":1007,"column":null}},"25":{"start":{"line":88,"column":29},"end":{"line":90,"column":null}},"26":{"start":{"line":91,"column":33},"end":{"line":91,"column":null}},"27":{"start":{"line":193,"column":48},"end":{"line":194,"column":33}},"28":{"start":{"line":222,"column":40},"end":{"line":223,"column":33}},"29":{"start":{"line":251,"column":43},"end":{"line":252,"column":33}},"30":{"start":{"line":306,"column":45},"end":{"line":307,"column":34}}},"fnMap":{"0":{"name":"DocumentationPage","decl":{"start":{"line":11,"column":24},"end":{"line":11,"column":42}},"loc":{"start":{"line":11,"column":80},"end":{"line":1015,"column":null}},"line":11},"1":{"name":"(anonymous_1)","decl":{"start":{"line":47,"column":12},"end":{"line":47,"column":null}},"loc":{"start":{"line":47,"column":12},"end":{"line":63,"column":5}},"line":47},"2":{"name":"(anonymous_2)","decl":{"start":{"line":48,"column":25},"end":{"line":48,"column":null}},"loc":{"start":{"line":48,"column":25},"end":{"line":59,"column":null}},"line":48},"3":{"name":"(anonymous_3)","decl":{"start":{"line":49,"column":43},"end":{"line":49,"column":48}},"loc":{"start":{"line":49,"column":48},"end":{"line":49,"column":null}},"line":49},"4":{"name":"(anonymous_4)","decl":{"start":{"line":62,"column":11},"end":{"line":62,"column":17}},"loc":{"start":{"line":62,"column":17},"end":{"line":62,"column":null}},"line":62},"5":{"name":"(anonymous_5)","decl":{"start":{"line":65,"column":26},"end":{"line":65,"column":27}},"loc":{"start":{"line":65,"column":27},"end":{"line":72,"column":null}},"line":65},"6":{"name":"(anonymous_6)","decl":{"start":{"line":88,"column":28},"end":{"line":88,"column":29}},"loc":{"start":{"line":88,"column":29},"end":{"line":90,"column":null}},"line":88},"7":{"name":"(anonymous_7)","decl":{"start":{"line":91,"column":27},"end":{"line":91,"column":33}},"loc":{"start":{"line":91,"column":33},"end":{"line":91,"column":null}},"line":91},"8":{"name":"(anonymous_8)","decl":{"start":{"line":193,"column":40},"end":{"line":193,"column":41}},"loc":{"start":{"line":193,"column":48},"end":{"line":194,"column":33}},"line":193},"9":{"name":"(anonymous_9)","decl":{"start":{"line":222,"column":32},"end":{"line":222,"column":33}},"loc":{"start":{"line":222,"column":40},"end":{"line":223,"column":33}},"line":222},"10":{"name":"(anonymous_10)","decl":{"start":{"line":251,"column":35},"end":{"line":251,"column":36}},"loc":{"start":{"line":251,"column":43},"end":{"line":252,"column":33}},"line":251},"11":{"name":"(anonymous_11)","decl":{"start":{"line":306,"column":39},"end":{"line":306,"column":40}},"loc":{"start":{"line":306,"column":45},"end":{"line":307,"column":34}},"line":306}},"branchMap":{"0":{"loc":{"start":{"line":54,"column":8},"end":{"line":57,"column":null}},"type":"if","locations":[{"start":{"line":54,"column":8},"end":{"line":57,"column":null}},{"start":{},"end":{}}],"line":54},"1":{"loc":{"start":{"line":54,"column":12},"end":{"line":54,"column":60}},"type":"binary-expr","locations":[{"start":{"line":54,"column":12},"end":{"line":54,"column":23}},{"start":{"line":54,"column":23},"end":{"line":54,"column":60}}],"line":54},"2":{"loc":{"start":{"line":67,"column":4},"end":{"line":71,"column":null}},"type":"if","locations":[{"start":{"line":67,"column":4},"end":{"line":71,"column":null}},{"start":{},"end":{}}],"line":67},"3":{"loc":{"start":{"line":93,"column":20},"end":{"line":95,"column":null}},"type":"cond-expr","locations":[{"start":{"line":94,"column":24},"end":{"line":94,"column":null}},{"start":{"line":95,"column":24},"end":{"line":95,"column":null}}],"line":93}},"s":{"0":0,"1":0,"2":0,"3":0,"4":0,"5":0,"6":0,"7":0,"8":0,"9":0,"10":0,"11":0,"12":0,"13":0,"14":0,"15":0,"16":0,"17":0,"18":0,"19":0,"20":0,"21":0,"22":0,"23":0,"24":0,"25":0,"26":0,"27":0,"28":0,"29":0,"30":0},"f":{"0":0,"1":0,"2":0,"3":0,"4":0,"5":0,"6":0,"7":0,"8":0,"9":0,"10":0,"11":0},"b":{"0":[0,0],"1":[0,0],"2":[0,0],"3":[0,0]},"meta":{"lastBranch":4,"lastFunction":12,"lastStatement":31,"seen":{"f:11:24:11:42":0,"s:12:41:12:Infinity":0,"s:14:19:22:Infinity":1,"s:24:17:37:Infinity":2,"s:39:26:45:Infinity":3,"s:47:2:63:Infinity":4,"f:47:12:47:Infinity":1,"s:48:25:59:Infinity":5,"f:48:25:48:Infinity":2,"s:49:30:49:Infinity":6,"f:49:43:49:48":3,"s:49:48:49:Infinity":7,"s:50:29:50:Infinity":8,"s:52:6:58:Infinity":9,"s:52:19:52:47":10,"s:53:24:53:42":11,"b:54:8:57:Infinity:undefined:undefined:undefined:undefined":0,"s:54:8:57:Infinity":12,"b:54:12:54:23:54:23:54:60":1,"s:55:10:55:Infinity":13,"s:56:10:56:Infinity":14,"s:61:4:61:Infinity":15,"s:62:4:62:Infinity":16,"f:62:11:62:17":4,"s:62:17:62:Infinity":17,"s:65:26:72:Infinity":18,"f:65:26:65:27":5,"s:66:20:66:Infinity":19,"b:67:4:71:Infinity:undefined:undefined:undefined:undefined":2,"s:67:4:71:Infinity":20,"s:68:21:68:Infinity":21,"s:69:30:69:Infinity":22,"s:70:6:70:Infinity":23,"s:74:2:1007:Infinity":24,"f:88:28:88:29":6,"s:88:29:90:Infinity":25,"f:91:27:91:33":7,"s:91:33:91:Infinity":26,"b:94:24:94:Infinity:95:24:95:Infinity":3,"f:193:40:193:41":8,"s:193:48:194:33":27,"f:222:32:222:33":9,"s:222:40:223:33":28,"f:251:35:251:36":10,"s:251:43:252:33":29,"f:306:39:306:40":11,"s:306:45:307:34":30}}}
,"/home/faion/Projects/faion-network-storybook/src/components/Footer.tsx": {"path":"/home/faion/Projects/faion-network-storybook/src/components/Footer.tsx","statementMap":{"0":{"start":{"line":25,"column":39},"end":{"line":52,"column":null}},"1":{"start":{"line":55,"column":20},"end":{"line":57,"column":null}},"2":{"start":{"line":61,"column":21},"end":{"line":63,"column":null}},"3":{"start":{"line":67,"column":19},"end":{"line":69,"column":null}},"4":{"start":{"line":79,"column":2},"end":{"line":128,"column":null}},"5":{"start":{"line":107,"column":26},"end":{"line":108,"column":38}},"6":{"start":{"line":111,"column":37},"end":{"line":113,"column":null}},"7":{"start":{"line":114,"column":37},"end":{"line":114,"column":null}},"8":{"start":{"line":140,"column":2},"end":{"line":151,"column":null}},"9":{"start":{"line":145,"column":33},"end":{"line":145,"column":59}},"10":{"start":{"line":148,"column":33},"end":{"line":148,"column":57}},"11":{"start":{"line":151,"column":33},"end":{"line":151,"column":56}}},"fnMap":{"0":{"name":"(anonymous_0)","decl":{"start":{"line":55,"column":20},"end":{"line":55,"column":null}},"loc":{"start":{"line":55,"column":20},"end":{"line":57,"column":null}},"line":55},"1":{"name":"(anonymous_1)","decl":{"start":{"line":61,"column":21},"end":{"line":61,"column":null}},"loc":{"start":{"line":61,"column":21},"end":{"line":63,"column":null}},"line":61},"2":{"name":"(anonymous_2)","decl":{"start":{"line":67,"column":19},"end":{"line":67,"column":null}},"loc":{"start":{"line":67,"column":19},"end":{"line":69,"column":null}},"line":67},"3":{"name":"Footer","decl":{"start":{"line":73,"column":24},"end":{"line":73,"column":31}},"loc":{"start":{"line":78,"column":14},"end":{"line":133,"column":null}},"line":78},"4":{"name":"(anonymous_4)","decl":{"start":{"line":107,"column":25},"end":{"line":107,"column":26}},"loc":{"start":{"line":107,"column":26},"end":{"line":108,"column":38}},"line":107},"5":{"name":"(anonymous_5)","decl":{"start":{"line":111,"column":36},"end":{"line":111,"column":37}},"loc":{"start":{"line":111,"column":37},"end":{"line":113,"column":null}},"line":111},"6":{"name":"(anonymous_6)","decl":{"start":{"line":114,"column":31},"end":{"line":114,"column":37}},"loc":{"start":{"line":114,"column":37},"end":{"line":114,"column":null}},"line":114},"7":{"name":"FooterSimple","decl":{"start":{"line":136,"column":16},"end":{"line":136,"column":29}},"loc":{"start":{"line":139,"column":48},"end":{"line":158,"column":null}},"line":139},"8":{"name":"(anonymous_8)","decl":{"start":{"line":145,"column":27},"end":{"line":145,"column":33}},"loc":{"start":{"line":145,"column":33},"end":{"line":145,"column":59}},"line":145},"9":{"name":"(anonymous_9)","decl":{"start":{"line":148,"column":27},"end":{"line":148,"column":33}},"loc":{"start":{"line":148,"column":33},"end":{"line":148,"column":57}},"line":148},"10":{"name":"(anonymous_10)","decl":{"start":{"line":151,"column":27},"end":{"line":151,"column":33}},"loc":{"start":{"line":151,"column":33},"end":{"line":151,"column":56}},"line":151}},"branchMap":{"0":{"loc":{"start":{"line":74,"column":2},"end":{"line":74,"column":26}},"type":"default-arg","locations":[{"start":{"line":74,"column":12},"end":{"line":74,"column":26}}],"line":74},"1":{"loc":{"start":{"line":76,"column":2},"end":{"line":76,"column":79}},"type":"default-arg","locations":[{"start":{"line":76,"column":14},"end":{"line":76,"column":79}}],"line":76},"2":{"loc":{"start":{"line":77,"column":2},"end":{"line":77,"column":19}},"type":"default-arg","locations":[{"start":{"line":77,"column":15},"end":{"line":77,"column":19}}],"line":77},"3":{"loc":{"start":{"line":90,"column":13},"end":{"line":99,"column":null}},"type":"binary-expr","locations":[{"start":{"line":90,"column":13},"end":{"line":90,"column":null}},{"start":{"line":90,"column":13},"end":{"line":99,"column":null}}],"line":90},"4":{"loc":{"start":{"line":138,"column":2},"end":{"line":138,"column":57}},"type":"default-arg","locations":[{"start":{"line":138,"column":14},"end":{"line":138,"column":57}}],"line":138}},"s":{"0":0,"1":0,"2":0,"3":0,"4":0,"5":0,"6":0,"7":0,"8":0,"9":0,"10":0,"11":0},"f":{"0":0,"1":0,"2":0,"3":0,"4":0,"5":0,"6":0,"7":0,"8":0,"9":0,"10":0},"b":{"0":[0],"1":[0],"2":[0],"3":[0,0],"4":[0]},"meta":{"lastBranch":5,"lastFunction":11,"lastStatement":12,"seen":{"s:25:39:52:Infinity":0,"s:55:20:57:Infinity":1,"f:55:20:55:Infinity":0,"s:61:21:63:Infinity":2,"f:61:21:61:Infinity":1,"s:67:19:69:Infinity":3,"f:67:19:67:Infinity":2,"f:73:24:73:31":3,"b:74:12:74:26":0,"b:76:14:76:79":1,"b:77:15:77:19":2,"s:79:2:128:Infinity":4,"b:90:13:90:Infinity:90:13:99:Infinity":3,"f:107:25:107:26":4,"s:107:26:108:38":5,"f:111:36:111:37":5,"s:111:37:113:Infinity":6,"f:114:31:114:37":6,"s:114:37:114:Infinity":7,"f:136:16:136:29":7,"b:138:14:138:57":4,"s:140:2:151:Infinity":8,"f:145:27:145:33":8,"s:145:33:145:59":9,"f:148:27:148:33":9,"s:148:33:148:57":10,"f:151:27:151:33":10,"s:151:33:151:56":11}}}
,"/home/faion/Projects/faion-network-storybook/src/components/Header.tsx": {"path":"/home/faion/Projects/faion-network-storybook/src/components/Header.tsx","statementMap":{"0":{"start":{"line":29,"column":17},"end":{"line":33,"column":null}},"1":{"start":{"line":37,"column":18},"end":{"line":40,"column":null}},"2":{"start":{"line":44,"column":32},"end":{"line":49,"column":null}},"3":{"start":{"line":60,"column":47},"end":{"line":60,"column":null}},"4":{"start":{"line":61,"column":35},"end":{"line":61,"column":null}},"5":{"start":{"line":63,"column":2},"end":{"line":69,"column":null}},"6":{"start":{"line":64,"column":25},"end":{"line":66,"column":null}},"7":{"start":{"line":65,"column":6},"end":{"line":65,"column":null}},"8":{"start":{"line":67,"column":4},"end":{"line":67,"column":null}},"9":{"start":{"line":68,"column":4},"end":{"line":68,"column":null}},"10":{"start":{"line":68,"column":17},"end":{"line":68,"column":null}},"11":{"start":{"line":71,"column":25},"end":{"line":74,"column":null}},"12":{"start":{"line":72,"column":4},"end":{"line":72,"column":null}},"13":{"start":{"line":73,"column":4},"end":{"line":73,"column":null}},"14":{"start":{"line":76,"column":2},"end":{"line":153,"column":null}},"15":{"start":{"line":81,"column":49},"end":{"line":81,"column":null}},"16":{"start":{"line":85,"column":24},"end":{"line":87,"column":null}},"17":{"start":{"line":88,"column":31},"end":{"line":88,"column":null}},"18":{"start":{"line":112,"column":29},"end":{"line":112,"column":null}},"19":{"start":{"line":124,"column":49},"end":{"line":124,"column":null}},"20":{"start":{"line":127,"column":27},"end":{"line":127,"column":null}},"21":{"start":{"line":135,"column":22},"end":{"line":137,"column":null}},"22":{"start":{"line":138,"column":29},"end":{"line":138,"column":null}}},"fnMap":{"0":{"name":"(anonymous_0)","decl":{"start":{"line":29,"column":17},"end":{"line":29,"column":null}},"loc":{"start":{"line":29,"column":17},"end":{"line":33,"column":null}},"line":29},"1":{"name":"(anonymous_1)","decl":{"start":{"line":37,"column":18},"end":{"line":37,"column":null}},"loc":{"start":{"line":37,"column":18},"end":{"line":40,"column":null}},"line":37},"2":{"name":"Header","decl":{"start":{"line":51,"column":24},"end":{"line":51,"column":31}},"loc":{"start":{"line":59,"column":14},"end":{"line":161,"column":null}},"line":59},"3":{"name":"(anonymous_3)","decl":{"start":{"line":63,"column":12},"end":{"line":63,"column":null}},"loc":{"start":{"line":63,"column":12},"end":{"line":69,"column":5}},"line":63},"4":{"name":"(anonymous_4)","decl":{"start":{"line":64,"column":25},"end":{"line":64,"column":null}},"loc":{"start":{"line":64,"column":25},"end":{"line":66,"column":null}},"line":64},"5":{"name":"(anonymous_5)","decl":{"start":{"line":68,"column":11},"end":{"line":68,"column":17}},"loc":{"start":{"line":68,"column":17},"end":{"line":68,"column":null}},"line":68},"6":{"name":"(anonymous_6)","decl":{"start":{"line":71,"column":25},"end":{"line":71,"column":26}},"loc":{"start":{"line":71,"column":26},"end":{"line":74,"column":null}},"line":71},"7":{"name":"(anonymous_7)","decl":{"start":{"line":81,"column":43},"end":{"line":81,"column":49}},"loc":{"start":{"line":81,"column":49},"end":{"line":81,"column":null}},"line":81},"8":{"name":"(anonymous_8)","decl":{"start":{"line":85,"column":23},"end":{"line":85,"column":24}},"loc":{"start":{"line":85,"column":24},"end":{"line":87,"column":null}},"line":85},"9":{"name":"(anonymous_9)","decl":{"start":{"line":88,"column":25},"end":{"line":88,"column":31}},"loc":{"start":{"line":88,"column":31},"end":{"line":88,"column":null}},"line":88},"10":{"name":"(anonymous_10)","decl":{"start":{"line":112,"column":23},"end":{"line":112,"column":29}},"loc":{"start":{"line":112,"column":29},"end":{"line":112,"column":null}},"line":112},"11":{"name":"(anonymous_11)","decl":{"start":{"line":124,"column":43},"end":{"line":124,"column":49}},"loc":{"start":{"line":124,"column":49},"end":{"line":124,"column":null}},"line":124},"12":{"name":"(anonymous_12)","decl":{"start":{"line":127,"column":21},"end":{"line":127,"column":27}},"loc":{"start":{"line":127,"column":27},"end":{"line":127,"column":null}},"line":127},"13":{"name":"(anonymous_13)","decl":{"start":{"line":135,"column":21},"end":{"line":135,"column":22}},"loc":{"start":{"line":135,"column":22},"end":{"line":137,"column":null}},"line":135},"14":{"name":"(anonymous_14)","decl":{"start":{"line":138,"column":23},"end":{"line":138,"column":29}},"loc":{"start":{"line":138,"column":29},"end":{"line":138,"column":null}},"line":138}},"branchMap":{"0":{"loc":{"start":{"line":52,"column":2},"end":{"line":52,"column":22}},"type":"default-arg","locations":[{"start":{"line":52,"column":10},"end":{"line":52,"column":22}}],"line":52},"1":{"loc":{"start":{"line":53,"column":2},"end":{"line":53,"column":18}},"type":"default-arg","locations":[{"start":{"line":53,"column":16},"end":{"line":53,"column":18}}],"line":53},"2":{"loc":{"start":{"line":55,"column":2},"end":{"line":55,"column":18}},"type":"default-arg","locations":[{"start":{"line":55,"column":14},"end":{"line":55,"column":18}}],"line":55},"3":{"loc":{"start":{"line":56,"column":2},"end":{"line":56,"column":25}},"type":"default-arg","locations":[{"start":{"line":56,"column":12},"end":{"line":56,"column":25}}],"line":56},"4":{"loc":{"start":{"line":78,"column":38},"end":{"line":78,"column":79}},"type":"cond-expr","locations":[{"start":{"line":78,"column":51},"end":{"line":78,"column":75}},{"start":{"line":78,"column":75},"end":{"line":78,"column":79}}],"line":78},"5":{"loc":{"start":{"line":90,"column":18},"end":{"line":90,"column":null}},"type":"cond-expr","locations":[{"start":{"line":90,"column":61},"end":{"line":90,"column":89}},{"start":{"line":90,"column":89},"end":{"line":90,"column":null}}],"line":90},"6":{"loc":{"start":{"line":90,"column":18},"end":{"line":90,"column":58}},"type":"binary-expr","locations":[{"start":{"line":90,"column":18},"end":{"line":90,"column":43}},{"start":{"line":90,"column":47},"end":{"line":90,"column":58}}],"line":90},"7":{"loc":{"start":{"line":100,"column":13},"end":{"line":101,"column":null}},"type":"binary-expr","locations":[{"start":{"line":100,"column":13},"end":{"line":100,"column":null}},{"start":{"line":100,"column":13},"end":{"line":101,"column":null}}],"line":100},"8":{"loc":{"start":{"line":122,"column":40},"end":{"line":122,"column":88}},"type":"cond-expr","locations":[{"start":{"line":122,"column":59},"end":{"line":122,"column":84}},{"start":{"line":122,"column":84},"end":{"line":122,"column":88}}],"line":122},"9":{"loc":{"start":{"line":140,"column":16},"end":{"line":140,"column":null}},"type":"cond-expr","locations":[{"start":{"line":140,"column":59},"end":{"line":140,"column":92}},{"start":{"line":140,"column":92},"end":{"line":140,"column":null}}],"line":140},"10":{"loc":{"start":{"line":140,"column":16},"end":{"line":140,"column":56}},"type":"binary-expr","locations":[{"start":{"line":140,"column":16},"end":{"line":140,"column":41}},{"start":{"line":140,"column":45},"end":{"line":140,"column":56}}],"line":140},"11":{"loc":{"start":{"line":152,"column":11},"end":{"line":153,"column":null}},"type":"binary-expr","locations":[{"start":{"line":152,"column":11},"end":{"line":152,"column":null}},{"start":{"line":152,"column":11},"end":{"line":153,"column":null}}],"line":152}},"s":{"0":0,"1":0,"2":0,"3":0,"4":0,"5":0,"6":0,"7":0,"8":0,"9":0,"10":0,"11":0,"12":0,"13":0,"14":0,"15":0,"16":0,"17":0,"18":0,"19":0,"20":0,"21":0,"22":0},"f":{"0":0,"1":0,"2":0,"3":0,"4":0,"5":0,"6":0,"7":0,"8":0,"9":0,"10":0,"11":0,"12":0,"13":0,"14":0},"b":{"0":[0],"1":[0],"2":[0],"3":[0],"4":[0,0],"5":[0,0],"6":[0,0],"7":[0,0],"8":[0,0],"9":[0,0],"10":[0,0],"11":[0,0]},"meta":{"lastBranch":12,"lastFunction":15,"lastStatement":23,"seen":{"s:29:17:33:Infinity":0,"f:29:17:29:Infinity":0,"s:37:18:40:Infinity":1,"f:37:18:37:Infinity":1,"s:44:32:49:Infinity":2,"f:51:24:51:31":2,"b:52:10:52:22":0,"b:53:16:53:18":1,"b:55:14:55:18":2,"b:56:12:56:25":3,"s:60:47:60:Infinity":3,"s:61:35:61:Infinity":4,"s:63:2:69:Infinity":5,"f:63:12:63:Infinity":3,"s:64:25:66:Infinity":6,"f:64:25:64:Infinity":4,"s:65:6:65:Infinity":7,"s:67:4:67:Infinity":8,"s:68:4:68:Infinity":9,"f:68:11:68:17":5,"s:68:17:68:Infinity":10,"s:71:25:74:Infinity":11,"f:71:25:71:26":6,"s:72:4:72:Infinity":12,"s:73:4:73:Infinity":13,"s:76:2:153:Infinity":14,"b:78:51:78:75:78:75:78:79":4,"f:81:43:81:49":7,"s:81:49:81:Infinity":15,"f:85:23:85:24":8,"s:85:24:87:Infinity":16,"f:88:25:88:31":9,"s:88:31:88:Infinity":17,"b:90:61:90:89:90:89:90:Infinity":5,"b:90:18:90:43:90:47:90:58":6,"b:100:13:100:Infinity:100:13:101:Infinity":7,"f:112:23:112:29":10,"s:112:29:112:Infinity":18,"b:122:59:122:84:122:84:122:88":8,"f:124:43:124:49":11,"s:124:49:124:Infinity":19,"f:127:21:127:27":12,"s:127:27:127:Infinity":20,"f:135:21:135:22":13,"s:135:22:137:Infinity":21,"f:138:23:138:29":14,"s:138:29:138:Infinity":22,"b:140:59:140:92:140:92:140:Infinity":9,"b:140:16:140:41:140:45:140:56":10,"b:152:11:152:Infinity:152:11:153:Infinity":11}}}
,"/home/faion/Projects/faion-network-storybook/src/components/LandingPage.tsx": {"path":"/home/faion/Projects/faion-network-storybook/src/components/LandingPage.tsx","statementMap":{"0":{"start":{"line":16,"column":2},"end":{"line":551,"column":null}},"1":{"start":{"line":293,"column":25},"end":{"line":294,"column":30}}},"fnMap":{"0":{"name":"LandingPage","decl":{"start":{"line":15,"column":24},"end":{"line":15,"column":36}},"loc":{"start":{"line":15,"column":68},"end":{"line":554,"column":null}},"line":15},"1":{"name":"(anonymous_1)","decl":{"start":{"line":293,"column":18},"end":{"line":293,"column":19}},"loc":{"start":{"line":293,"column":25},"end":{"line":294,"column":30}},"line":293}},"branchMap":{},"s":{"0":0,"1":0},"f":{"0":0,"1":0},"b":{},"meta":{"lastBranch":0,"lastFunction":2,"lastStatement":2,"seen":{"f:15:24:15:36":0,"s:16:2:551:Infinity":0,"f:293:18:293:19":1,"s:293:25:294:30":1}}}
,"/home/faion/Projects/faion-network-storybook/src/components/Monogram.tsx": {"path":"/home/faion/Projects/faion-network-storybook/src/components/Monogram.tsx","statementMap":{"0":{"start":{"line":14,"column":26},"end":{"line":25,"column":null}},"1":{"start":{"line":31,"column":2},"end":{"line":41,"column":null}},"2":{"start":{"line":32,"column":4},"end":{"line":38,"column":null}},"3":{"start":{"line":43,"column":2},"end":{"line":45,"column":null}}},"fnMap":{"0":{"name":"Monogram","decl":{"start":{"line":13,"column":24},"end":{"line":13,"column":33}},"loc":{"start":{"line":13,"column":95},"end":{"line":48,"column":null}},"line":13},"1":{"name":"(anonymous_1)","decl":{"start":{"line":14,"column":26},"end":{"line":14,"column":null}},"loc":{"start":{"line":14,"column":26},"end":{"line":25,"column":null}},"line":14}},"branchMap":{"0":{"loc":{"start":{"line":13,"column":35},"end":{"line":13,"column":50}},"type":"default-arg","locations":[{"start":{"line":13,"column":42},"end":{"line":13,"column":50}}],"line":13},"1":{"loc":{"start":{"line":13,"column":52},"end":{"line":13,"column":69}},"type":"default-arg","locations":[{"start":{"line":13,"column":64},"end":{"line":13,"column":69}}],"line":13},"2":{"loc":{"start":{"line":22,"column":7},"end":{"line":25,"column":null}},"type":"binary-expr","locations":[{"start":{"line":22,"column":7},"end":{"line":22,"column":null}},{"start":{"line":22,"column":7},"end":{"line":25,"column":null}}],"line":22},"3":{"loc":{"start":{"line":31,"column":2},"end":{"line":41,"column":null}},"type":"if","locations":[{"start":{"line":31,"column":2},"end":{"line":41,"column":null}},{"start":{},"end":{}}],"line":31}},"s":{"0":0,"1":0,"2":0,"3":0},"f":{"0":0,"1":0},"b":{"0":[0],"1":[0],"2":[0,0],"3":[0,0]},"meta":{"lastBranch":4,"lastFunction":2,"lastStatement":4,"seen":{"f:13:24:13:33":0,"b:13:42:13:50":0,"b:13:64:13:69":1,"s:14:26:25:Infinity":0,"f:14:26:14:Infinity":1,"b:22:7:22:Infinity:22:7:25:Infinity":2,"b:31:2:41:Infinity:undefined:undefined:undefined:undefined":3,"s:31:2:41:Infinity":1,"s:32:4:38:Infinity":2,"s:43:2:45:Infinity":3}}}
,"/home/faion/Projects/faion-network-storybook/src/components/PricingPage.tsx": {"path":"/home/faion/Projects/faion-network-storybook/src/components/PricingPage.tsx","statementMap":{"0":{"start":{"line":13,"column":39},"end":{"line":13,"column":null}},"1":{"start":{"line":15,"column":16},"end":{"line":60,"column":null}},"2":{"start":{"line":62,"column":2},"end":{"line":320,"column":null}},"3":{"start":{"line":82,"column":29},"end":{"line":82,"column":null}},"4":{"start":{"line":93,"column":29},"end":{"line":93,"column":null}},"5":{"start":{"line":113,"column":28},"end":{"line":113,"column":93}},"6":{"start":{"line":114,"column":35},"end":{"line":114,"column":null}},"7":{"start":{"line":116,"column":14},"end":{"line":118,"column":null}},"8":{"start":{"line":168,"column":49},"end":{"line":169,"column":34}},"9":{"start":{"line":244,"column":25},"end":{"line":245,"column":29}},"10":{"start":{"line":303,"column":24},"end":{"line":304,"column":29}}},"fnMap":{"0":{"name":"PricingPage","decl":{"start":{"line":12,"column":24},"end":{"line":12,"column":36}},"loc":{"start":{"line":12,"column":68},"end":{"line":323,"column":null}},"line":12},"1":{"name":"(anonymous_1)","decl":{"start":{"line":82,"column":23},"end":{"line":82,"column":29}},"loc":{"start":{"line":82,"column":29},"end":{"line":82,"column":null}},"line":82},"2":{"name":"(anonymous_2)","decl":{"start":{"line":93,"column":23},"end":{"line":93,"column":29}},"loc":{"start":{"line":93,"column":29},"end":{"line":93,"column":null}},"line":93},"3":{"name":"(anonymous_3)","decl":{"start":{"line":112,"column":23},"end":{"line":112,"column":24}},"loc":{"start":{"line":112,"column":30},"end":{"line":182,"column":null}},"line":112},"4":{"name":"(anonymous_4)","decl":{"start":{"line":168,"column":39},"end":{"line":168,"column":40}},"loc":{"start":{"line":168,"column":49},"end":{"line":169,"column":34}},"line":168},"5":{"name":"(anonymous_5)","decl":{"start":{"line":244,"column":18},"end":{"line":244,"column":19}},"loc":{"start":{"line":244,"column":25},"end":{"line":245,"column":29}},"line":244},"6":{"name":"(anonymous_6)","decl":{"start":{"line":303,"column":18},"end":{"line":303,"column":19}},"loc":{"start":{"line":303,"column":24},"end":{"line":304,"column":29}},"line":303}},"branchMap":{"0":{"loc":{"start":{"line":84,"column":16},"end":{"line":86,"column":null}},"type":"cond-expr","locations":[{"start":{"line":85,"column":20},"end":{"line":85,"column":null}},{"start":{"line":86,"column":20},"end":{"line":86,"column":null}}],"line":84},"1":{"loc":{"start":{"line":95,"column":16},"end":{"line":97,"column":null}},"type":"cond-expr","locations":[{"start":{"line":96,"column":20},"end":{"line":96,"column":null}},{"start":{"line":97,"column":20},"end":{"line":97,"column":null}}],"line":95},"2":{"loc":{"start":{"line":113,"column":28},"end":{"line":113,"column":93}},"type":"cond-expr","locations":[{"start":{"line":113,"column":57},"end":{"line":113,"column":74}},{"start":{"line":113,"column":77},"end":{"line":113,"column":93}}],"line":113},"3":{"loc":{"start":{"line":114,"column":35},"end":{"line":114,"column":null}},"type":"cond-expr","locations":[{"start":{"line":114,"column":63},"end":{"line":114,"column":88}},{"start":{"line":114,"column":88},"end":{"line":114,"column":null}}],"line":114},"4":{"loc":{"start":{"line":120,"column":20},"end":{"line":120,"column":null}},"type":"cond-expr","locations":[{"start":{"line":120,"column":39},"end":{"line":120,"column":60}},{"start":{"line":120,"column":60},"end":{"line":120,"column":null}}],"line":120},"5":{"loc":{"start":{"line":124,"column":19},"end":{"line":126,"column":null}},"type":"binary-expr","locations":[{"start":{"line":124,"column":19},"end":{"line":124,"column":35}},{"start":{"line":124,"column":35},"end":{"line":126,"column":null}}],"line":124},"6":{"loc":{"start":{"line":157,"column":22},"end":{"line":159,"column":null}},"type":"cond-expr","locations":[{"start":{"line":158,"column":26},"end":{"line":158,"column":null}},{"start":{"line":159,"column":26},"end":{"line":159,"column":null}}],"line":157},"7":{"loc":{"start":{"line":251,"column":19},"end":{"line":254,"column":null}},"type":"cond-expr","locations":[{"start":{"line":251,"column":28},"end":{"line":254,"column":21}},{"start":{"line":254,"column":20},"end":{"line":254,"column":null}}],"line":251},"8":{"loc":{"start":{"line":258,"column":19},"end":{"line":261,"column":null}},"type":"cond-expr","locations":[{"start":{"line":258,"column":28},"end":{"line":261,"column":21}},{"start":{"line":261,"column":20},"end":{"line":261,"column":null}}],"line":258},"9":{"loc":{"start":{"line":265,"column":19},"end":{"line":268,"column":null}},"type":"cond-expr","locations":[{"start":{"line":265,"column":27},"end":{"line":268,"column":21}},{"start":{"line":268,"column":20},"end":{"line":268,"column":null}}],"line":265}},"s":{"0":0,"1":0,"2":0,"3":0,"4":0,"5":0,"6":0,"7":0,"8":0,"9":0,"10":0},"f":{"0":0,"1":0,"2":0,"3":0,"4":0,"5":0,"6":0},"b":{"0":[0,0],"1":[0,0],"2":[0,0],"3":[0,0],"4":[0,0],"5":[0,0],"6":[0,0],"7":[0,0],"8":[0,0],"9":[0,0]},"meta":{"lastBranch":10,"lastFunction":7,"lastStatement":11,"seen":{"f:12:24:12:36":0,"s:13:39:13:Infinity":0,"s:15:16:60:Infinity":1,"s:62:2:320:Infinity":2,"f:82:23:82:29":1,"s:82:29:82:Infinity":3,"b:85:20:85:Infinity:86:20:86:Infinity":0,"f:93:23:93:29":2,"s:93:29:93:Infinity":4,"b:96:20:96:Infinity:97:20:97:Infinity":1,"f:112:23:112:24":3,"s:113:28:113:93":5,"b:113:57:113:74:113:77:113:93":2,"s:114:35:114:Infinity":6,"b:114:63:114:88:114:88:114:Infinity":3,"s:116:14:118:Infinity":7,"b:120:39:120:60:120:60:120:Infinity":4,"b:124:19:124:35:124:35:126:Infinity":5,"b:158:26:158:Infinity:159:26:159:Infinity":6,"f:168:39:168:40":4,"s:168:49:169:34":8,"f:244:18:244:19":5,"s:244:25:245:29":9,"b:251:28:254:21:254:20:254:Infinity":7,"b:258:28:261:21:261:20:261:Infinity":8,"b:265:27:268:21:268:20:268:Infinity":9,"f:303:18:303:19":6,"s:303:24:304:29":10}}}
,"/home/faion/Projects/faion-network-storybook/src/components/Version5.tsx": {"path":"/home/faion/Projects/faion-network-storybook/src/components/Version5.tsx","statementMap":{"0":{"start":{"line":7,"column":2},"end":{"line":369,"column":null}},"1":{"start":{"line":134,"column":25},"end":{"line":135,"column":29}},"2":{"start":{"line":183,"column":28},"end":{"line":184,"column":29}},"3":{"start":{"line":223,"column":25},"end":{"line":224,"column":29}},"4":{"start":{"line":283,"column":25},"end":{"line":284,"column":29}},"5":{"start":{"line":319,"column":25},"end":{"line":320,"column":29}},"6":{"start":{"line":340,"column":41},"end":{"line":341,"column":32}}},"fnMap":{"0":{"name":"Version5","decl":{"start":{"line":6,"column":24},"end":{"line":6,"column":null}},"loc":{"start":{"line":6,"column":24},"end":{"line":375,"column":null}},"line":6},"1":{"name":"(anonymous_1)","decl":{"start":{"line":134,"column":18},"end":{"line":134,"column":19}},"loc":{"start":{"line":134,"column":25},"end":{"line":135,"column":29}},"line":134},"2":{"name":"(anonymous_2)","decl":{"start":{"line":183,"column":18},"end":{"line":183,"column":19}},"loc":{"start":{"line":183,"column":28},"end":{"line":184,"column":29}},"line":183},"3":{"name":"(anonymous_3)","decl":{"start":{"line":223,"column":18},"end":{"line":223,"column":19}},"loc":{"start":{"line":223,"column":25},"end":{"line":224,"column":29}},"line":223},"4":{"name":"(anonymous_4)","decl":{"start":{"line":283,"column":18},"end":{"line":283,"column":19}},"loc":{"start":{"line":283,"column":25},"end":{"line":284,"column":29}},"line":283},"5":{"name":"(anonymous_5)","decl":{"start":{"line":319,"column":18},"end":{"line":319,"column":19}},"loc":{"start":{"line":319,"column":25},"end":{"line":320,"column":29}},"line":319},"6":{"name":"(anonymous_6)","decl":{"start":{"line":340,"column":37},"end":{"line":340,"column":38}},"loc":{"start":{"line":340,"column":41},"end":{"line":341,"column":32}},"line":340}},"branchMap":{"0":{"loc":{"start":{"line":184,"column":142},"end":{"line":184,"column":184}},"type":"cond-expr","locations":[{"start":{"line":184,"column":159},"end":{"line":184,"column":180}},{"start":{"line":184,"column":180},"end":{"line":184,"column":184}}],"line":184},"1":{"loc":{"start":{"line":186,"column":17},"end":{"line":187,"column":null}},"type":"binary-expr","locations":[{"start":{"line":186,"column":17},"end":{"line":186,"column":31}},{"start":{"line":186,"column":31},"end":{"line":187,"column":null}}],"line":186},"2":{"loc":{"start":{"line":320,"column":87},"end":{"line":320,"column":154}},"type":"cond-expr","locations":[{"start":{"line":320,"column":103},"end":{"line":320,"column":134}},{"start":{"line":320,"column":134},"end":{"line":320,"column":154}}],"line":320},"3":{"loc":{"start":{"line":321,"column":17},"end":{"line":324,"column":null}},"type":"binary-expr","locations":[{"start":{"line":321,"column":17},"end":{"line":321,"column":30}},{"start":{"line":321,"column":30},"end":{"line":324,"column":null}}],"line":321},"4":{"loc":{"start":{"line":348,"column":18},"end":{"line":350,"column":null}},"type":"cond-expr","locations":[{"start":{"line":349,"column":22},"end":{"line":349,"column":null}},{"start":{"line":350,"column":22},"end":{"line":350,"column":null}}],"line":348}},"s":{"0":0,"1":0,"2":0,"3":0,"4":0,"5":0,"6":0},"f":{"0":0,"1":0,"2":0,"3":0,"4":0,"5":0,"6":0},"b":{"0":[0,0],"1":[0,0],"2":[0,0],"3":[0,0],"4":[0,0]},"meta":{"lastBranch":5,"lastFunction":7,"lastStatement":7,"seen":{"f:6:24:6:Infinity":0,"s:7:2:369:Infinity":0,"f:134:18:134:19":1,"s:134:25:135:29":1,"f:183:18:183:19":2,"s:183:28:184:29":2,"b:184:159:184:180:184:180:184:184":0,"b:186:17:186:31:186:31:187:Infinity":1,"f:223:18:223:19":3,"s:223:25:224:29":3,"f:283:18:283:19":4,"s:283:25:284:29":4,"f:319:18:319:19":5,"s:319:25:320:29":5,"b:320:103:320:134:320:134:320:154":2,"b:321:17:321:30:321:30:324:Infinity":3,"f:340:37:340:38":6,"s:340:41:341:32":6,"b:349:22:349:Infinity:350:22:350:Infinity":4}}}
,"/home/faion/Projects/faion-network-storybook/src/components/audio/AudioButton.tsx": {"path":"/home/faion/Projects/faion-network-storybook/src/components/audio/AudioButton.tsx","statementMap":{"0":{"start":{"line":28,"column":18},"end":{"line":33,"column":null}},"1":{"start":{"line":35,"column":2},"end":{"line":42,"column":null}},"2":{"start":{"line":48,"column":2},"end":{"line":50,"column":null}},"3":{"start":{"line":56,"column":2},"end":{"line":59,"column":null}}},"fnMap":{"0":{"name":"AudioButton","decl":{"start":{"line":21,"column":24},"end":{"line":21,"column":36}},"loc":{"start":{"line":27,"column":19},"end":{"line":45,"column":null}},"line":27},"1":{"name":"PlayIcon","decl":{"start":{"line":47,"column":9},"end":{"line":47,"column":null}},"loc":{"start":{"line":47,"column":9},"end":{"line":53,"column":null}},"line":47},"2":{"name":"PauseIcon","decl":{"start":{"line":55,"column":9},"end":{"line":55,"column":null}},"loc":{"start":{"line":55,"column":9},"end":{"line":62,"column":null}},"line":55}},"branchMap":{"0":{"loc":{"start":{"line":24,"column":2},"end":{"line":24,"column":13}},"type":"default-arg","locations":[{"start":{"line":24,"column":9},"end":{"line":24,"column":13}}],"line":24},"1":{"loc":{"start":{"line":25,"column":2},"end":{"line":25,"column":21}},"type":"default-arg","locations":[{"start":{"line":25,"column":12},"end":{"line":25,"column":21}}],"line":25},"2":{"loc":{"start":{"line":26,"column":2},"end":{"line":26,"column":16}},"type":"default-arg","locations":[{"start":{"line":26,"column":14},"end":{"line":26,"column":16}}],"line":26},"3":{"loc":{"start":{"line":40,"column":18},"end":{"line":40,"column":null}},"type":"cond-expr","locations":[{"start":{"line":40,"column":30},"end":{"line":40,"column":46}},{"start":{"line":40,"column":46},"end":{"line":40,"column":null}}],"line":40},"4":{"loc":{"start":{"line":42,"column":7},"end":{"line":42,"column":null}},"type":"cond-expr","locations":[{"start":{"line":42,"column":7},"end":{"line":42,"column":36}},{"start":{"line":42,"column":35},"end":{"line":42,"column":null}}],"line":42}},"s":{"0":0,"1":0,"2":0,"3":0},"f":{"0":0,"1":0,"2":0},"b":{"0":[0],"1":[0],"2":[0],"3":[0,0],"4":[0,0]},"meta":{"lastBranch":5,"lastFunction":3,"lastStatement":4,"seen":{"f:21:24:21:36":0,"b:24:9:24:13":0,"b:25:12:25:21":1,"b:26:14:26:16":2,"s:28:18:33:Infinity":0,"s:35:2:42:Infinity":1,"b:40:30:40:46:40:46:40:Infinity":3,"b:42:7:42:36:42:35:42:Infinity":4,"f:47:9:47:Infinity":1,"s:48:2:50:Infinity":2,"f:55:9:55:Infinity":2,"s:56:2:59:Infinity":3}}}
,"/home/faion/Projects/faion-network-storybook/src/components/audio/AudioPlayer.tsx": {"path":"/home/faion/Projects/faion-network-storybook/src/components/audio/AudioPlayer.tsx","statementMap":{"0":{"start":{"line":35,"column":8},"end":{"line":35,"column":null}},"1":{"start":{"line":36,"column":33},"end":{"line":36,"column":null}},"2":{"start":{"line":37,"column":37},"end":{"line":37,"column":null}},"3":{"start":{"line":38,"column":31},"end":{"line":38,"column":null}},"4":{"start":{"line":39,"column":41},"end":{"line":39,"column":null}},"5":{"start":{"line":40,"column":31},"end":{"line":40,"column":null}},"6":{"start":{"line":42,"column":18},"end":{"line":42,"column":null}},"7":{"start":{"line":44,"column":2},"end":{"line":72,"column":null}},"8":{"start":{"line":45,"column":18},"end":{"line":45,"column":34}},"9":{"start":{"line":46,"column":4},"end":{"line":46,"column":null}},"10":{"start":{"line":46,"column":16},"end":{"line":46,"column":null}},"11":{"start":{"line":48,"column":33},"end":{"line":51,"column":null}},"12":{"start":{"line":49,"column":6},"end":{"line":49,"column":null}},"13":{"start":{"line":50,"column":6},"end":{"line":50,"column":null}},"14":{"start":{"line":53,"column":29},"end":{"line":55,"column":null}},"15":{"start":{"line":54,"column":6},"end":{"line":54,"column":null}},"16":{"start":{"line":57,"column":24},"end":{"line":61,"column":null}},"17":{"start":{"line":58,"column":6},"end":{"line":58,"column":null}},"18":{"start":{"line":59,"column":6},"end":{"line":59,"column":null}},"19":{"start":{"line":60,"column":6},"end":{"line":60,"column":null}},"20":{"start":{"line":63,"column":4},"end":{"line":63,"column":null}},"21":{"start":{"line":64,"column":4},"end":{"line":64,"column":null}},"22":{"start":{"line":65,"column":4},"end":{"line":65,"column":null}},"23":{"start":{"line":67,"column":4},"end":{"line":71,"column":null}},"24":{"start":{"line":68,"column":6},"end":{"line":68,"column":null}},"25":{"start":{"line":69,"column":6},"end":{"line":69,"column":null}},"26":{"start":{"line":70,"column":6},"end":{"line":70,"column":null}},"27":{"start":{"line":74,"column":21},"end":{"line":86,"column":null}},"28":{"start":{"line":75,"column":18},"end":{"line":75,"column":34}},"29":{"start":{"line":76,"column":4},"end":{"line":76,"column":null}},"30":{"start":{"line":76,"column":16},"end":{"line":76,"column":null}},"31":{"start":{"line":78,"column":4},"end":{"line":84,"column":null}},"32":{"start":{"line":79,"column":6},"end":{"line":79,"column":null}},"33":{"start":{"line":80,"column":6},"end":{"line":80,"column":null}},"34":{"start":{"line":82,"column":6},"end":{"line":82,"column":null}},"35":{"start":{"line":83,"column":6},"end":{"line":83,"column":null}},"36":{"start":{"line":85,"column":4},"end":{"line":85,"column":null}},"37":{"start":{"line":88,"column":21},"end":{"line":95,"column":null}},"38":{"start":{"line":89,"column":18},"end":{"line":89,"column":34}},"39":{"start":{"line":90,"column":4},"end":{"line":90,"column":null}},"40":{"start":{"line":90,"column":16},"end":{"line":90,"column":null}},"41":{"start":{"line":92,"column":20},"end":{"line":92,"column":null}},"42":{"start":{"line":93,"column":4},"end":{"line":93,"column":null}},"43":{"start":{"line":94,"column":4},"end":{"line":94,"column":null}},"44":{"start":{"line":97,"column":28},"end":{"line":103,"column":null}},"45":{"start":{"line":98,"column":18},"end":{"line":98,"column":34}},"46":{"start":{"line":99,"column":4},"end":{"line":99,"column":null}},"47":{"start":{"line":99,"column":16},"end":{"line":99,"column":null}},"48":{"start":{"line":101,"column":4},"end":{"line":101,"column":null}},"49":{"start":{"line":102,"column":4},"end":{"line":102,"column":null}},"50":{"start":{"line":105,"column":21},"end":{"line":109,"column":null}},"51":{"start":{"line":106,"column":17},"end":{"line":106,"column":null}},"52":{"start":{"line":107,"column":17},"end":{"line":107,"column":null}},"53":{"start":{"line":108,"column":4},"end":{"line":108,"column":null}},"54":{"start":{"line":111,"column":19},"end":{"line":111,"column":null}},"55":{"start":{"line":113,"column":2},"end":{"line":156,"column":null}},"56":{"start":{"line":154,"column":31},"end":{"line":156,"column":null}},"57":{"start":{"line":159,"column":27},"end":{"line":159,"column":null}},"58":{"start":{"line":170,"column":2},"end":{"line":172,"column":null}},"59":{"start":{"line":178,"column":2},"end":{"line":181,"column":null}},"60":{"start":{"line":187,"column":2},"end":{"line":190,"column":null}}},"fnMap":{"0":{"name":"AudioPlayer","decl":{"start":{"line":26,"column":24},"end":{"line":26,"column":36}},"loc":{"start":{"line":34,"column":19},"end":{"line":167,"column":null}},"line":34},"1":{"name":"(anonymous_1)","decl":{"start":{"line":44,"column":12},"end":{"line":44,"column":null}},"loc":{"start":{"line":44,"column":12},"end":{"line":72,"column":5}},"line":44},"2":{"name":"(anonymous_2)","decl":{"start":{"line":48,"column":33},"end":{"line":48,"column":null}},"loc":{"start":{"line":48,"column":33},"end":{"line":51,"column":null}},"line":48},"3":{"name":"(anonymous_3)","decl":{"start":{"line":53,"column":29},"end":{"line":53,"column":null}},"loc":{"start":{"line":53,"column":29},"end":{"line":55,"column":null}},"line":53},"4":{"name":"(anonymous_4)","decl":{"start":{"line":57,"column":24},"end":{"line":57,"column":null}},"loc":{"start":{"line":57,"column":24},"end":{"line":61,"column":null}},"line":57},"5":{"name":"(anonymous_5)","decl":{"start":{"line":67,"column":11},"end":{"line":67,"column":null}},"loc":{"start":{"line":67,"column":11},"end":{"line":71,"column":null}},"line":67},"6":{"name":"(anonymous_6)","decl":{"start":{"line":74,"column":21},"end":{"line":74,"column":null}},"loc":{"start":{"line":74,"column":21},"end":{"line":86,"column":null}},"line":74},"7":{"name":"(anonymous_7)","decl":{"start":{"line":88,"column":21},"end":{"line":88,"column":22}},"loc":{"start":{"line":88,"column":22},"end":{"line":95,"column":null}},"line":88},"8":{"name":"(anonymous_8)","decl":{"start":{"line":97,"column":28},"end":{"line":97,"column":29}},"loc":{"start":{"line":97,"column":29},"end":{"line":103,"column":null}},"line":97},"9":{"name":"(anonymous_9)","decl":{"start":{"line":105,"column":21},"end":{"line":105,"column":22}},"loc":{"start":{"line":105,"column":22},"end":{"line":109,"column":null}},"line":105},"10":{"name":"(anonymous_10)","decl":{"start":{"line":154,"column":30},"end":{"line":154,"column":31}},"loc":{"start":{"line":154,"column":31},"end":{"line":156,"column":null}},"line":154},"11":{"name":"(anonymous_11)","decl":{"start":{"line":159,"column":21},"end":{"line":159,"column":27}},"loc":{"start":{"line":159,"column":27},"end":{"line":159,"column":null}},"line":159},"12":{"name":"PlayIcon","decl":{"start":{"line":169,"column":9},"end":{"line":169,"column":null}},"loc":{"start":{"line":169,"column":9},"end":{"line":175,"column":null}},"line":169},"13":{"name":"PauseIcon","decl":{"start":{"line":177,"column":9},"end":{"line":177,"column":null}},"loc":{"start":{"line":177,"column":9},"end":{"line":184,"column":null}},"line":177},"14":{"name":"HeadphonesIcon","decl":{"start":{"line":186,"column":9},"end":{"line":186,"column":null}},"loc":{"start":{"line":186,"column":9},"end":{"line":193,"column":null}},"line":186}},"branchMap":{"0":{"loc":{"start":{"line":33,"column":2},"end":{"line":33,"column":16}},"type":"default-arg","locations":[{"start":{"line":33,"column":14},"end":{"line":33,"column":16}}],"line":33},"1":{"loc":{"start":{"line":38,"column":43},"end":{"line":38,"column":null}},"type":"binary-expr","locations":[{"start":{"line":38,"column":43},"end":{"line":38,"column":62}},{"start":{"line":38,"column":62},"end":{"line":38,"column":null}}],"line":38},"2":{"loc":{"start":{"line":46,"column":4},"end":{"line":46,"column":null}},"type":"if","locations":[{"start":{"line":46,"column":4},"end":{"line":46,"column":null}},{"start":{},"end":{}}],"line":46},"3":{"loc":{"start":{"line":76,"column":4},"end":{"line":76,"column":null}},"type":"if","locations":[{"start":{"line":76,"column":4},"end":{"line":76,"column":null}},{"start":{},"end":{}}],"line":76},"4":{"loc":{"start":{"line":78,"column":4},"end":{"line":84,"column":null}},"type":"if","locations":[{"start":{"line":78,"column":4},"end":{"line":84,"column":null}},{"start":{"line":81,"column":11},"end":{"line":84,"column":null}}],"line":78},"5":{"loc":{"start":{"line":90,"column":4},"end":{"line":90,"column":null}},"type":"if","locations":[{"start":{"line":90,"column":4},"end":{"line":90,"column":null}},{"start":{},"end":{}}],"line":90},"6":{"loc":{"start":{"line":99,"column":4},"end":{"line":99,"column":null}},"type":"if","locations":[{"start":{"line":99,"column":4},"end":{"line":99,"column":null}},{"start":{},"end":{}}],"line":99},"7":{"loc":{"start":{"line":111,"column":19},"end":{"line":111,"column":null}},"type":"cond-expr","locations":[{"start":{"line":111,"column":34},"end":{"line":111,"column":67}},{"start":{"line":111,"column":67},"end":{"line":111,"column":null}}],"line":111},"8":{"loc":{"start":{"line":117,"column":7},"end":{"line":120,"column":null}},"type":"binary-expr","locations":[{"start":{"line":117,"column":7},"end":{"line":117,"column":null}},{"start":{"line":117,"column":7},"end":{"line":120,"column":null}}],"line":117},"9":{"loc":{"start":{"line":129,"column":22},"end":{"line":129,"column":null}},"type":"cond-expr","locations":[{"start":{"line":129,"column":34},"end":{"line":129,"column":44}},{"start":{"line":129,"column":44},"end":{"line":129,"column":null}}],"line":129},"10":{"loc":{"start":{"line":131,"column":11},"end":{"line":131,"column":null}},"type":"cond-expr","locations":[{"start":{"line":131,"column":11},"end":{"line":131,"column":40}},{"start":{"line":131,"column":39},"end":{"line":131,"column":null}}],"line":131},"11":{"loc":{"start":{"line":139,"column":17},"end":{"line":139,"column":null}},"type":"binary-expr","locations":[{"start":{"line":139,"column":17},"end":{"line":139,"column":29}},{"start":{"line":139,"column":29},"end":{"line":139,"column":null}}],"line":139},"12":{"loc":{"start":{"line":158,"column":53},"end":{"line":158,"column":122}},"type":"cond-expr","locations":[{"start":{"line":158,"column":79},"end":{"line":158,"column":118}},{"start":{"line":158,"column":118},"end":{"line":158,"column":122}}],"line":158}},"s":{"0":43,"1":43,"2":43,"3":43,"4":43,"5":43,"6":43,"7":43,"8":31,"9":31,"10":0,"11":31,"12":1,"13":1,"14":31,"15":1,"16":31,"17":1,"18":1,"19":1,"20":31,"21":31,"22":31,"23":31,"24":31,"25":31,"26":31,"27":43,"28":8,"29":8,"30":0,"31":8,"32":2,"33":2,"34":6,"35":6,"36":8,"37":43,"38":1,"39":1,"40":0,"41":1,"42":1,"43":1,"44":43,"45":2,"46":2,"47":0,"48":2,"49":2,"50":43,"51":86,"52":86,"53":86,"54":43,"55":43,"56":172,"57":2,"58":37,"59":6,"60":1},"f":{"0":43,"1":31,"2":1,"3":1,"4":1,"5":31,"6":8,"7":1,"8":2,"9":86,"10":172,"11":2,"12":37,"13":6,"14":1},"b":{"0":[43],"1":[43,42],"2":[0,31],"3":[0,8],"4":[2,6],"5":[0,1],"6":[0,2],"7":[2,41],"8":[43,1],"9":[6,37],"10":[6,37],"11":[43,41],"12":[43,129]},"meta":{"lastBranch":13,"lastFunction":15,"lastStatement":61,"seen":{"f:26:24:26:36":0,"b:33:14:33:16":0,"s:35:8:35:Infinity":0,"s:36:33:36:Infinity":1,"s:37:37:37:Infinity":2,"s:38:31:38:Infinity":3,"b:38:43:38:62:38:62:38:Infinity":1,"s:39:41:39:Infinity":4,"s:40:31:40:Infinity":5,"s:42:18:42:Infinity":6,"s:44:2:72:Infinity":7,"f:44:12:44:Infinity":1,"s:45:18:45:34":8,"b:46:4:46:Infinity:undefined:undefined:undefined:undefined":2,"s:46:4:46:Infinity":9,"s:46:16:46:Infinity":10,"s:48:33:51:Infinity":11,"f:48:33:48:Infinity":2,"s:49:6:49:Infinity":12,"s:50:6:50:Infinity":13,"s:53:29:55:Infinity":14,"f:53:29:53:Infinity":3,"s:54:6:54:Infinity":15,"s:57:24:61:Infinity":16,"f:57:24:57:Infinity":4,"s:58:6:58:Infinity":17,"s:59:6:59:Infinity":18,"s:60:6:60:Infinity":19,"s:63:4:63:Infinity":20,"s:64:4:64:Infinity":21,"s:65:4:65:Infinity":22,"s:67:4:71:Infinity":23,"f:67:11:67:Infinity":5,"s:68:6:68:Infinity":24,"s:69:6:69:Infinity":25,"s:70:6:70:Infinity":26,"s:74:21:86:Infinity":27,"f:74:21:74:Infinity":6,"s:75:18:75:34":28,"b:76:4:76:Infinity:undefined:undefined:undefined:undefined":3,"s:76:4:76:Infinity":29,"s:76:16:76:Infinity":30,"b:78:4:84:Infinity:81:11:84:Infinity":4,"s:78:4:84:Infinity":31,"s:79:6:79:Infinity":32,"s:80:6:80:Infinity":33,"s:82:6:82:Infinity":34,"s:83:6:83:Infinity":35,"s:85:4:85:Infinity":36,"s:88:21:95:Infinity":37,"f:88:21:88:22":7,"s:89:18:89:34":38,"b:90:4:90:Infinity:undefined:undefined:undefined:undefined":5,"s:90:4:90:Infinity":39,"s:90:16:90:Infinity":40,"s:92:20:92:Infinity":41,"s:93:4:93:Infinity":42,"s:94:4:94:Infinity":43,"s:97:28:103:Infinity":44,"f:97:28:97:29":8,"s:98:18:98:34":45,"b:99:4:99:Infinity:undefined:undefined:undefined:undefined":6,"s:99:4:99:Infinity":46,"s:99:16:99:Infinity":47,"s:101:4:101:Infinity":48,"s:102:4:102:Infinity":49,"s:105:21:109:Infinity":50,"f:105:21:105:22":9,"s:106:17:106:Infinity":51,"s:107:17:107:Infinity":52,"s:108:4:108:Infinity":53,"s:111:19:111:Infinity":54,"b:111:34:111:67:111:67:111:Infinity":7,"s:113:2:156:Infinity":55,"b:117:7:117:Infinity:117:7:120:Infinity":8,"b:129:34:129:44:129:44:129:Infinity":9,"b:131:11:131:40:131:39:131:Infinity":10,"b:139:17:139:29:139:29:139:Infinity":11,"f:154:30:154:31":10,"s:154:31:156:Infinity":56,"b:158:79:158:118:158:118:158:122":12,"f:159:21:159:27":11,"s:159:27:159:Infinity":57,"f:169:9:169:Infinity":12,"s:170:2:172:Infinity":58,"f:177:9:177:Infinity":13,"s:178:2:181:Infinity":59,"f:186:9:186:Infinity":14,"s:187:2:190:Infinity":60}}}
,"/home/faion/Projects/faion-network-storybook/src/components/audio/PlaybackSpeed.tsx": {"path":"/home/faion/Projects/faion-network-storybook/src/components/audio/PlaybackSpeed.tsx","statementMap":{"0":{"start":{"line":25,"column":18},"end":{"line":25,"column":null}},"1":{"start":{"line":27,"column":2},"end":{"line":31,"column":null}},"2":{"start":{"line":29,"column":20},"end":{"line":31,"column":null}},"3":{"start":{"line":34,"column":25},"end":{"line":34,"column":null}}},"fnMap":{"0":{"name":"PlaybackSpeed","decl":{"start":{"line":19,"column":24},"end":{"line":19,"column":38}},"loc":{"start":{"line":24,"column":21},"end":{"line":42,"column":null}},"line":24},"1":{"name":"(anonymous_1)","decl":{"start":{"line":29,"column":19},"end":{"line":29,"column":20}},"loc":{"start":{"line":29,"column":20},"end":{"line":31,"column":null}},"line":29},"2":{"name":"(anonymous_2)","decl":{"start":{"line":34,"column":19},"end":{"line":34,"column":25}},"loc":{"start":{"line":34,"column":25},"end":{"line":34,"column":null}},"line":34}},"branchMap":{"0":{"loc":{"start":{"line":22,"column":2},"end":{"line":22,"column":null}},"type":"default-arg","locations":[{"start":{"line":22,"column":12},"end":{"line":22,"column":null}}],"line":22},"1":{"loc":{"start":{"line":23,"column":2},"end":{"line":23,"column":16}},"type":"default-arg","locations":[{"start":{"line":23,"column":14},"end":{"line":23,"column":16}}],"line":23},"2":{"loc":{"start":{"line":33,"column":50},"end":{"line":33,"column":110}},"type":"cond-expr","locations":[{"start":{"line":33,"column":68},"end":{"line":33,"column":106}},{"start":{"line":33,"column":106},"end":{"line":33,"column":110}}],"line":33}},"s":{"0":0,"1":0,"2":0,"3":0},"f":{"0":0,"1":0,"2":0},"b":{"0":[0],"1":[0],"2":[0,0]},"meta":{"lastBranch":3,"lastFunction":3,"lastStatement":4,"seen":{"f:19:24:19:38":0,"b:22:12:22:Infinity":0,"b:23:14:23:16":1,"s:25:18:25:Infinity":0,"s:27:2:31:Infinity":1,"f:29:19:29:20":1,"s:29:20:31:Infinity":2,"b:33:68:33:106:33:106:33:110":2,"f:34:19:34:25":2,"s:34:25:34:Infinity":3}}}
,"/home/faion/Projects/faion-network-storybook/src/components/auth/AuthDivider.tsx": {"path":"/home/faion/Projects/faion-network-storybook/src/components/auth/AuthDivider.tsx","statementMap":{"0":{"start":{"line":15,"column":2},"end":{"line":19,"column":null}}},"fnMap":{"0":{"name":"AuthDivider","decl":{"start":{"line":14,"column":24},"end":{"line":14,"column":36}},"loc":{"start":{"line":14,"column":69},"end":{"line":22,"column":null}},"line":14}},"branchMap":{"0":{"loc":{"start":{"line":14,"column":38},"end":{"line":14,"column":49}},"type":"default-arg","locations":[{"start":{"line":14,"column":45},"end":{"line":14,"column":49}}],"line":14}},"s":{"0":0},"f":{"0":0},"b":{"0":[0]},"meta":{"lastBranch":1,"lastFunction":1,"lastStatement":1,"seen":{"f:14:24:14:36":0,"b:14:45:14:49":0,"s:15:2:19:Infinity":0}}}
,"/home/faion/Projects/faion-network-storybook/src/components/auth/AuthFormCard.tsx": {"path":"/home/faion/Projects/faion-network-storybook/src/components/auth/AuthFormCard.tsx","statementMap":{"0":{"start":{"line":33,"column":2},"end":{"line":48,"column":null}}},"fnMap":{"0":{"name":"AuthFormCard","decl":{"start":{"line":25,"column":24},"end":{"line":25,"column":37}},"loc":{"start":{"line":32,"column":20},"end":{"line":51,"column":null}},"line":32}},"branchMap":{"0":{"loc":{"start":{"line":31,"column":2},"end":{"line":31,"column":17}},"type":"default-arg","locations":[{"start":{"line":31,"column":13},"end":{"line":31,"column":17}}],"line":31},"1":{"loc":{"start":{"line":36,"column":8},"end":{"line":40,"column":null}},"type":"binary-expr","locations":[{"start":{"line":36,"column":8},"end":{"line":36,"column":16}},{"start":{"line":36,"column":16},"end":{"line":36,"column":25}},{"start":{"line":36,"column":25},"end":{"line":36,"column":32}},{"start":{"line":36,"column":32},"end":{"line":40,"column":null}}],"line":36},"2":{"loc":{"start":{"line":38,"column":11},"end":{"line":38,"column":null}},"type":"binary-expr","locations":[{"start":{"line":38,"column":11},"end":{"line":38,"column":19}},{"start":{"line":38,"column":11},"end":{"line":38,"column":null}}],"line":38},"3":{"loc":{"start":{"line":39,"column":11},"end":{"line":39,"column":null}},"type":"binary-expr","locations":[{"start":{"line":39,"column":11},"end":{"line":39,"column":20}},{"start":{"line":39,"column":11},"end":{"line":39,"column":null}}],"line":39},"4":{"loc":{"start":{"line":40,"column":11},"end":{"line":40,"column":null}},"type":"binary-expr","locations":[{"start":{"line":40,"column":11},"end":{"line":40,"column":23}},{"start":{"line":40,"column":11},"end":{"line":40,"column":null}}],"line":40},"5":{"loc":{"start":{"line":48,"column":7},"end":{"line":48,"column":null}},"type":"binary-expr","locations":[{"start":{"line":48,"column":7},"end":{"line":48,"column":17}},{"start":{"line":48,"column":7},"end":{"line":48,"column":null}}],"line":48}},"s":{"0":0},"f":{"0":0},"b":{"0":[0],"1":[0,0,0,0],"2":[0,0],"3":[0,0],"4":[0,0],"5":[0,0]},"meta":{"lastBranch":6,"lastFunction":1,"lastStatement":1,"seen":{"f:25:24:25:37":0,"b:31:13:31:17":0,"s:33:2:48:Infinity":0,"b:36:8:36:16:36:16:36:25:36:25:36:32:36:32:40:Infinity":1,"b:38:11:38:19:38:11:38:Infinity":2,"b:39:11:39:20:39:11:39:Infinity":3,"b:40:11:40:23:40:11:40:Infinity":4,"b:48:7:48:17:48:7:48:Infinity":5}}}
,"/home/faion/Projects/faion-network-storybook/src/components/auth/AuthInput.tsx": {"path":"/home/faion/Projects/faion-network-storybook/src/components/auth/AuthInput.tsx","statementMap":{"0":{"start":{"line":20,"column":16},"end":{"line":23,"column":null}},"1":{"start":{"line":28,"column":19},"end":{"line":31,"column":null}},"2":{"start":{"line":41,"column":6},"end":{"line":102,"column":null}},"3":{"start":{"line":56,"column":41},"end":{"line":56,"column":null}},"4":{"start":{"line":57,"column":23},"end":{"line":57,"column":null}},"5":{"start":{"line":58,"column":22},"end":{"line":58,"column":null}},"6":{"start":{"line":60,"column":4},"end":{"line":98,"column":null}},"7":{"start":{"line":84,"column":29},"end":{"line":84,"column":null}},"8":{"start":{"line":105,"column":0},"end":{"line":105,"column":null}}},"fnMap":{"0":{"name":"(anonymous_0)","decl":{"start":{"line":20,"column":16},"end":{"line":20,"column":null}},"loc":{"start":{"line":20,"column":16},"end":{"line":23,"column":null}},"line":20},"1":{"name":"(anonymous_1)","decl":{"start":{"line":28,"column":19},"end":{"line":28,"column":null}},"loc":{"start":{"line":28,"column":19},"end":{"line":31,"column":null}},"line":28},"2":{"name":"(anonymous_2)","decl":{"start":{"line":42,"column":2},"end":{"line":42,"column":null}},"loc":{"start":{"line":54,"column":4},"end":{"line":102,"column":null}},"line":54},"3":{"name":"(anonymous_3)","decl":{"start":{"line":84,"column":23},"end":{"line":84,"column":29}},"loc":{"start":{"line":84,"column":29},"end":{"line":84,"column":null}},"line":84}},"branchMap":{"0":{"loc":{"start":{"line":47,"column":6},"end":{"line":47,"column":32}},"type":"default-arg","locations":[{"start":{"line":47,"column":27},"end":{"line":47,"column":32}}],"line":47},"1":{"loc":{"start":{"line":50,"column":6},"end":{"line":50,"column":19}},"type":"default-arg","locations":[{"start":{"line":50,"column":13},"end":{"line":50,"column":19}}],"line":50},"2":{"loc":{"start":{"line":51,"column":6},"end":{"line":51,"column":20}},"type":"default-arg","locations":[{"start":{"line":51,"column":18},"end":{"line":51,"column":20}}],"line":51},"3":{"loc":{"start":{"line":58,"column":22},"end":{"line":58,"column":null}},"type":"cond-expr","locations":[{"start":{"line":58,"column":51},"end":{"line":58,"column":60}},{"start":{"line":58,"column":60},"end":{"line":58,"column":null}}],"line":58},"4":{"loc":{"start":{"line":58,"column":22},"end":{"line":58,"column":51}},"type":"binary-expr","locations":[{"start":{"line":58,"column":22},"end":{"line":58,"column":36}},{"start":{"line":58,"column":36},"end":{"line":58,"column":51}}],"line":58},"5":{"loc":{"start":{"line":62,"column":9},"end":{"line":63,"column":null}},"type":"binary-expr","locations":[{"start":{"line":62,"column":9},"end":{"line":62,"column":null}},{"start":{"line":62,"column":9},"end":{"line":63,"column":null}}],"line":62},"6":{"loc":{"start":{"line":66,"column":47},"end":{"line":66,"column":92}},"type":"cond-expr","locations":[{"start":{"line":66,"column":55},"end":{"line":66,"column":89}},{"start":{"line":66,"column":89},"end":{"line":66,"column":92}}],"line":66},"7":{"loc":{"start":{"line":66,"column":95},"end":{"line":66,"column":153}},"type":"cond-expr","locations":[{"start":{"line":66,"column":112},"end":{"line":66,"column":149}},{"start":{"line":66,"column":149},"end":{"line":66,"column":153}}],"line":66},"8":{"loc":{"start":{"line":68,"column":11},"end":{"line":70,"column":null}},"type":"binary-expr","locations":[{"start":{"line":68,"column":11},"end":{"line":68,"column":null}},{"start":{"line":68,"column":11},"end":{"line":70,"column":null}}],"line":68},"9":{"loc":{"start":{"line":80,"column":11},"end":{"line":94,"column":null}},"type":"cond-expr","locations":[{"start":{"line":80,"column":25},"end":{"line":90,"column":null}},{"start":{"line":90,"column":14},"end":{"line":94,"column":null}}],"line":80},"10":{"loc":{"start":{"line":80,"column":11},"end":{"line":80,"column":null}},"type":"binary-expr","locations":[{"start":{"line":80,"column":11},"end":{"line":80,"column":25}},{"start":{"line":80,"column":25},"end":{"line":80,"column":null}}],"line":80},"11":{"loc":{"start":{"line":85,"column":26},"end":{"line":85,"column":null}},"type":"cond-expr","locations":[{"start":{"line":85,"column":41},"end":{"line":85,"column":59}},{"start":{"line":85,"column":59},"end":{"line":85,"column":null}}],"line":85},"12":{"loc":{"start":{"line":88,"column":15},"end":{"line":88,"column":null}},"type":"cond-expr","locations":[{"start":{"line":88,"column":15},"end":{"line":88,"column":48}},{"start":{"line":88,"column":47},"end":{"line":88,"column":null}}],"line":88},"13":{"loc":{"start":{"line":90,"column":14},"end":{"line":94,"column":null}},"type":"cond-expr","locations":[{"start":{"line":90,"column":14},"end":{"line":94,"column":null}},{"start":{"line":94,"column":14},"end":{"line":94,"column":null}}],"line":90},"14":{"loc":{"start":{"line":96,"column":9},"end":{"line":96,"column":null}},"type":"binary-expr","locations":[{"start":{"line":96,"column":9},"end":{"line":96,"column":18}},{"start":{"line":96,"column":9},"end":{"line":96,"column":null}}],"line":96},"15":{"loc":{"start":{"line":97,"column":9},"end":{"line":98,"column":null}},"type":"binary-expr","locations":[{"start":{"line":97,"column":9},"end":{"line":97,"column":23}},{"start":{"line":97,"column":23},"end":{"line":97,"column":null}},{"start":{"line":97,"column":24},"end":{"line":98,"column":null}}],"line":97}},"s":{"0":0,"1":0,"2":0,"3":0,"4":0,"5":0,"6":0,"7":0,"8":0},"f":{"0":0,"1":0,"2":0,"3":0},"b":{"0":[0],"1":[0],"2":[0],"3":[0,0],"4":[0,0],"5":[0,0],"6":[0,0],"7":[0,0],"8":[0,0],"9":[0,0],"10":[0,0],"11":[0,0],"12":[0,0],"13":[0,0],"14":[0,0],"15":[0,0,0]},"meta":{"lastBranch":16,"lastFunction":4,"lastStatement":9,"seen":{"s:20:16:23:Infinity":0,"f:20:16:20:Infinity":0,"s:28:19:31:Infinity":1,"f:28:19:28:Infinity":1,"s:41:6:102:Infinity":2,"f:42:2:42:Infinity":2,"b:47:27:47:32":0,"b:50:13:50:19":1,"b:51:18:51:20":2,"s:56:41:56:Infinity":3,"s:57:23:57:Infinity":4,"s:58:22:58:Infinity":5,"b:58:51:58:60:58:60:58:Infinity":3,"b:58:22:58:36:58:36:58:51":4,"s:60:4:98:Infinity":6,"b:62:9:62:Infinity:62:9:63:Infinity":5,"b:66:55:66:89:66:89:66:92":6,"b:66:112:66:149:66:149:66:153":7,"b:68:11:68:Infinity:68:11:70:Infinity":8,"b:80:25:90:Infinity:90:14:94:Infinity":9,"b:80:11:80:25:80:25:80:Infinity":10,"f:84:23:84:29":3,"s:84:29:84:Infinity":7,"b:85:41:85:59:85:59:85:Infinity":11,"b:88:15:88:48:88:47:88:Infinity":12,"b:90:14:94:Infinity:94:14:94:Infinity":13,"b:96:9:96:18:96:9:96:Infinity":14,"b:97:9:97:23:97:23:97:Infinity:97:24:98:Infinity":15,"s:105:0:105:Infinity":8}}}
,"/home/faion/Projects/faion-network-storybook/src/components/auth/PasswordStrength.tsx": {"path":"/home/faion/Projects/faion-network-storybook/src/components/auth/PasswordStrength.tsx","statementMap":{"0":{"start":{"line":35,"column":34},"end":{"line":62,"column":null}},"1":{"start":{"line":36,"column":32},"end":{"line":42,"column":null}},"2":{"start":{"line":44,"column":21},"end":{"line":44,"column":53}},"3":{"start":{"line":44,"column":40},"end":{"line":44,"column":45}},"4":{"start":{"line":47,"column":4},"end":{"line":59,"column":null}},"5":{"start":{"line":48,"column":6},"end":{"line":48,"column":null}},"6":{"start":{"line":49,"column":11},"end":{"line":59,"column":null}},"7":{"start":{"line":50,"column":6},"end":{"line":50,"column":null}},"8":{"start":{"line":51,"column":11},"end":{"line":59,"column":null}},"9":{"start":{"line":52,"column":6},"end":{"line":52,"column":null}},"10":{"start":{"line":53,"column":11},"end":{"line":59,"column":null}},"11":{"start":{"line":54,"column":6},"end":{"line":54,"column":null}},"12":{"start":{"line":55,"column":11},"end":{"line":59,"column":null}},"13":{"start":{"line":56,"column":6},"end":{"line":56,"column":null}},"14":{"start":{"line":58,"column":6},"end":{"line":58,"column":null}},"15":{"start":{"line":61,"column":4},"end":{"line":61,"column":null}},"16":{"start":{"line":64,"column":2},"end":{"line":66,"column":null}},"17":{"start":{"line":65,"column":4},"end":{"line":65,"column":null}},"18":{"start":{"line":68,"column":2},"end":{"line":98,"column":null}},"19":{"start":{"line":73,"column":32},"end":{"line":75,"column":null}},"20":{"start":{"line":96,"column":34},"end":{"line":98,"column":null}}},"fnMap":{"0":{"name":"PasswordStrength","decl":{"start":{"line":30,"column":24},"end":{"line":30,"column":41}},"loc":{"start":{"line":34,"column":24},"end":{"line":133,"column":null}},"line":34},"1":{"name":"(anonymous_1)","decl":{"start":{"line":35,"column":45},"end":{"line":35,"column":null}},"loc":{"start":{"line":35,"column":45},"end":{"line":62,"column":5}},"line":35},"2":{"name":"(anonymous_2)","decl":{"start":{"line":44,"column":33},"end":{"line":44,"column":34}},"loc":{"start":{"line":44,"column":40},"end":{"line":44,"column":45}},"line":44},"3":{"name":"(anonymous_3)","decl":{"start":{"line":73,"column":31},"end":{"line":73,"column":32}},"loc":{"start":{"line":73,"column":32},"end":{"line":75,"column":null}},"line":73},"4":{"name":"(anonymous_4)","decl":{"start":{"line":96,"column":28},"end":{"line":96,"column":29}},"loc":{"start":{"line":96,"column":34},"end":{"line":98,"column":null}},"line":96}},"branchMap":{"0":{"loc":{"start":{"line":32,"column":2},"end":{"line":32,"column":25}},"type":"default-arg","locations":[{"start":{"line":32,"column":21},"end":{"line":32,"column":25}}],"line":32},"1":{"loc":{"start":{"line":33,"column":2},"end":{"line":33,"column":15}},"type":"default-arg","locations":[{"start":{"line":33,"column":14},"end":{"line":33,"column":15}}],"line":33},"2":{"loc":{"start":{"line":47,"column":4},"end":{"line":59,"column":null}},"type":"if","locations":[{"start":{"line":47,"column":4},"end":{"line":59,"column":null}},{"start":{"line":49,"column":11},"end":{"line":59,"column":null}}],"line":47},"3":{"loc":{"start":{"line":49,"column":11},"end":{"line":59,"column":null}},"type":"if","locations":[{"start":{"line":49,"column":11},"end":{"line":59,"column":null}},{"start":{"line":51,"column":11},"end":{"line":59,"column":null}}],"line":49},"4":{"loc":{"start":{"line":51,"column":11},"end":{"line":59,"column":null}},"type":"if","locations":[{"start":{"line":51,"column":11},"end":{"line":59,"column":null}},{"start":{"line":53,"column":11},"end":{"line":59,"column":null}}],"line":51},"5":{"loc":{"start":{"line":53,"column":11},"end":{"line":59,"column":null}},"type":"if","locations":[{"start":{"line":53,"column":11},"end":{"line":59,"column":null}},{"start":{"line":55,"column":11},"end":{"line":59,"column":null}}],"line":53},"6":{"loc":{"start":{"line":55,"column":11},"end":{"line":59,"column":null}},"type":"if","locations":[{"start":{"line":55,"column":11},"end":{"line":59,"column":null}},{"start":{"line":57,"column":11},"end":{"line":59,"column":null}}],"line":55},"7":{"loc":{"start":{"line":64,"column":2},"end":{"line":66,"column":null}},"type":"if","locations":[{"start":{"line":64,"column":2},"end":{"line":66,"column":null}},{"start":{},"end":{}}],"line":64},"8":{"loc":{"start":{"line":76,"column":58},"end":{"line":76,"column":130}},"type":"cond-expr","locations":[{"start":{"line":76,"column":84},"end":{"line":76,"column":126}},{"start":{"line":76,"column":126},"end":{"line":76,"column":130}}],"line":76},"9":{"loc":{"start":{"line":78,"column":33},"end":{"line":78,"column":null}},"type":"cond-expr","locations":[{"start":{"line":78,"column":59},"end":{"line":78,"column":73}},{"start":{"line":78,"column":76},"end":{"line":78,"column":null}}],"line":78},"10":{"loc":{"start":{"line":83,"column":9},"end":{"line":88,"column":null}},"type":"binary-expr","locations":[{"start":{"line":83,"column":9},"end":{"line":83,"column":23}},{"start":{"line":83,"column":23},"end":{"line":88,"column":null}}],"line":83},"11":{"loc":{"start":{"line":94,"column":7},"end":{"line":98,"column":null}},"type":"binary-expr","locations":[{"start":{"line":94,"column":7},"end":{"line":94,"column":null}},{"start":{"line":94,"column":7},"end":{"line":98,"column":null}}],"line":94},"12":{"loc":{"start":{"line":99,"column":62},"end":{"line":99,"column":119}},"type":"cond-expr","locations":[{"start":{"line":99,"column":72},"end":{"line":99,"column":115}},{"start":{"line":99,"column":115},"end":{"line":99,"column":119}}],"line":99},"13":{"loc":{"start":{"line":102,"column":17},"end":{"line":122,"column":null}},"type":"cond-expr","locations":[{"start":{"line":102,"column":24},"end":{"line":114,"column":19}},{"start":{"line":114,"column":18},"end":{"line":122,"column":null}}],"line":102}},"s":{"0":28,"1":28,"2":28,"3":140,"4":28,"5":1,"6":27,"7":13,"8":14,"9":9,"10":5,"11":1,"12":4,"13":1,"14":3,"15":28,"16":28,"17":1,"18":27,"19":135,"20":130},"f":{"0":28,"1":28,"2":140,"3":135,"4":130},"b":{"0":[28],"1":[28],"2":[1,27],"3":[13,14],"4":[9,5],"5":[1,4],"6":[1,3],"7":[1,27],"8":[53,82],"9":[53,82],"10":[27,27],"11":[28,26],"12":[52,78],"13":[52,78]},"meta":{"lastBranch":14,"lastFunction":5,"lastStatement":21,"seen":{"f:30:24:30:41":0,"b:32:21:32:25":0,"b:33:14:33:15":1,"s:35:34:62:Infinity":0,"f:35:45:35:Infinity":1,"s:36:32:42:Infinity":1,"s:44:21:44:53":2,"f:44:33:44:34":2,"s:44:40:44:45":3,"b:47:4:59:Infinity:49:11:59:Infinity":2,"s:47:4:59:Infinity":4,"s:48:6:48:Infinity":5,"b:49:11:59:Infinity:51:11:59:Infinity":3,"s:49:11:59:Infinity":6,"s:50:6:50:Infinity":7,"b:51:11:59:Infinity:53:11:59:Infinity":4,"s:51:11:59:Infinity":8,"s:52:6:52:Infinity":9,"b:53:11:59:Infinity:55:11:59:Infinity":5,"s:53:11:59:Infinity":10,"s:54:6:54:Infinity":11,"b:55:11:59:Infinity:57:11:59:Infinity":6,"s:55:11:59:Infinity":12,"s:56:6:56:Infinity":13,"s:58:6:58:Infinity":14,"s:61:4:61:Infinity":15,"b:64:2:66:Infinity:undefined:undefined:undefined:undefined":7,"s:64:2:66:Infinity":16,"s:65:4:65:Infinity":17,"s:68:2:98:Infinity":18,"f:73:31:73:32":3,"s:73:32:75:Infinity":19,"b:76:84:76:126:76:126:76:130":8,"b:78:59:78:73:78:76:78:Infinity":9,"b:83:9:83:23:83:23:88:Infinity":10,"b:94:7:94:Infinity:94:7:98:Infinity":11,"f:96:28:96:29":4,"s:96:34:98:Infinity":20,"b:99:72:99:115:99:115:99:119":12,"b:102:24:114:19:114:18:122:Infinity":13}}}
[...]
4},"end":{"line":29,"column":36}},"loc":{"start":{"line":34,"column":19},"end":{"line":181,"column":null}},"line":34},"1":{"name":"(anonymous_1)","decl":{"start":{"line":41,"column":23},"end":{"line":41,"column":null}},"loc":{"start":{"line":42,"column":4},"end":{"line":47,"column":null}},"line":42},"2":{"name":"(anonymous_2)","decl":{"start":{"line":45,"column":16},"end":{"line":45,"column":17}},"loc":{"start":{"line":45,"column":27},"end":{"line":45,"column":null}},"line":45},"3":{"name":"(anonymous_3)","decl":{"start":{"line":49,"column":23},"end":{"line":49,"column":30}},"loc":{"start":{"line":49,"column":30},"end":{"line":61,"column":null}},"line":49}},"branchMap":{"0":{"loc":{"start":{"line":33,"column":2},"end":{"line":33,"column":16}},"type":"default-arg","locations":[{"start":{"line":33,"column":14},"end":{"line":33,"column":16}}],"line":33},"1":{"loc":{"start":{"line":57,"column":15},"end":{"line":57,"column":null}},"type":"cond-expr","locations":[{"start":{"line":57,"column":38},"end":{"line":57,"column":49}},{"start":{"line":57,"column":52},"end":{"line":57,"column":null}}],"line":57},"2":{"loc":{"start":{"line":72,"column":7},"end":{"line":74,"column":null}},"type":"binary-expr","locations":[{"start":{"line":72,"column":7},"end":{"line":72,"column":null}},{"start":{"line":72,"column":7},"end":{"line":74,"column":null}}],"line":72},"3":{"loc":{"start":{"line":118,"column":21},"end":{"line":118,"column":null}},"type":"binary-expr","locations":[{"start":{"line":118,"column":21},"end":{"line":118,"column":38}},{"start":{"line":118,"column":42},"end":{"line":118,"column":null}}],"line":118},"4":{"loc":{"start":{"line":133,"column":21},"end":{"line":133,"column":null}},"type":"binary-expr","locations":[{"start":{"line":133,"column":21},"end":{"line":133,"column":37}},{"start":{"line":133,"column":41},"end":{"line":133,"column":null}}],"line":133},"5":{"loc":{"start":{"line":148,"column":19},"end":{"line":148,"column":null}},"type":"binary-expr","locations":[{"start":{"line":148,"column":19},"end":{"line":148,"column":31}},{"start":{"line":148,"column":35},"end":{"line":148,"column":null}}],"line":148},"6":{"loc":{"start":{"line":155,"column":13},"end":{"line":155,"column":39}},"type":"binary-expr","locations":[{"start":{"line":155,"column":13},"end":{"line":155,"column":37}},{"start":{"line":155,"column":37},"end":{"line":155,"column":39}}],"line":155},"7":{"loc":{"start":{"line":161,"column":9},"end":{"line":167,"column":null}},"type":"binary-expr","locations":[{"start":{"line":161,"column":9},"end":{"line":161,"column":null}},{"start":{"line":161,"column":9},"end":{"line":167,"column":null}}],"line":161},"8":{"loc":{"start":{"line":176,"column":11},"end":{"line":176,"column":null}},"type":"cond-expr","locations":[{"start":{"line":176,"column":26},"end":{"line":176,"column":40}},{"start":{"line":176,"column":40},"end":{"line":176,"column":null}}],"line":176}},"s":{"0":0,"1":0,"2":0,"3":0,"4":0,"5":0,"6":0,"7":0,"8":0,"9":0,"10":0,"11":0,"12":0,"13":0,"14":0,"15":0,"16":0,"17":0},"f":{"0":0,"1":0,"2":0,"3":0},"b":{"0":[0],"1":[0,0],"2":[0,0],"3":[0,0],"4":[0,0],"5":[0,0],"6":[0,0],"7":[0,0],"8":[0,0]},"meta":{"lastBranch":9,"lastFunction":4,"lastStatement":18,"seen":{"f:29:24:29:36":0,"b:33:14:33:16":0,"s:35:31:35:Infinity":0,"s:36:39:36:Infinity":1,"s:37:25:37:Infinity":2,"s:39:18:39:Infinity":3,"s:41:23:47:Infinity":4,"f:41:23:41:Infinity":1,"s:44:28:44:36":5,"s:45:4:45:Infinity":6,"f:45:16:45:17":2,"s:45:27:45:Infinity":7,"s:46:4:46:Infinity":8,"s:49:23:61:Infinity":9,"f:49:23:49:30":3,"s:50:4:50:Infinity":10,"s:51:4:51:Infinity":11,"s:52:4:52:Infinity":12,"s:54:4:60:Infinity":13,"s:55:6:55:Infinity":14,"s:57:6:57:Infinity":15,"b:57:38:57:49:57:52:57:Infinity":1,"s:59:6:59:Infinity":16,"s:63:2:176:Infinity":17,"b:72:7:72:Infinity:72:7:74:Infinity":2,"b:118:21:118:38:118:42:118:Infinity":3,"b:133:21:133:37:133:41:133:Infinity":4,"b:148:19:148:31:148:35:148:Infinity":5,"b:155:13:155:37:155:37:155:39":6,"b:161:9:161:Infinity:161:9:167:Infinity":7,"b:176:26:176:40:176:40:176:Infinity":8}}}
,"/home/faion/Projects/faion-network-storybook/src/components/user-dashboard/ProgressOverview.tsx": {"path":"/home/faion/Projects/faion-network-storybook/src/components/user-dashboard/ProgressOverview.tsx","statementMap":{"0":{"start":{"line":30,"column":18},"end":{"line":30,"column":null}},"1":{"start":{"line":32,"column":24},"end":{"line":32,"column":null}},"2":{"start":{"line":32,"column":52},"end":{"line":32,"column":70}},"3":{"start":{"line":33,"column":21},"end":{"line":33,"column":null}},"4":{"start":{"line":33,"column":49},"end":{"line":33,"column":65}},"5":{"start":{"line":34,"column":25},"end":{"line":34,"column":null}},"6":{"start":{"line":36,"column":2},"end":{"line":76,"column":null}},"7":{"start":{"line":47,"column":26},"end":{"line":47,"column":null}},"8":{"start":{"line":49,"column":10},"end":{"line":50,"column":31}}},"fnMap":{"0":{"name":"ProgressOverview","decl":{"start":{"line":25,"column":24},"end":{"line":25,"column":41}},"loc":{"start":{"line":29,"column":24},"end":{"line":80,"column":null}},"line":29},"1":{"name":"(anonymous_1)","decl":{"start":{"line":32,"column":37},"end":{"line":32,"column":38}},"loc":{"start":{"line":32,"column":52},"end":{"line":32,"column":70}},"line":32},"2":{"name":"(anonymous_2)","decl":{"start":{"line":33,"column":34},"end":{"line":33,"column":35}},"loc":{"start":{"line":33,"column":49},"end":{"line":33,"column":65}},"line":33},"3":{"name":"(anonymous_3)","decl":{"start":{"line":46,"column":19},"end":{"line":46,"column":20}},"loc":{"start":{"line":46,"column":20},"end":{"line":76,"column":null}},"line":46}},"branchMap":{"0":{"loc":{"start":{"line":26,"column":2},"end":{"line":26,"column":25}},"type":"default-arg","locations":[{"start":{"line":26,"column":10},"end":{"line":26,"column":25}}],"line":26},"1":{"loc":{"start":{"line":28,"column":2},"end":{"line":28,"column":16}},"type":"default-arg","locations":[{"start":{"line":28,"column":14},"end":{"line":28,"column":16}}],"line":28},"2":{"loc":{"start":{"line":34,"column":25},"end":{"line":34,"column":null}},"type":"cond-expr","locations":[{"start":{"line":34,"column":42},"end":{"line":34,"column":91}},{"start":{"line":34,"column":91},"end":{"line":34,"column":null}}],"line":34},"3":{"loc":{"start":{"line":47,"column":26},"end":{"line":47,"column":null}},"type":"cond-expr","locations":[{"start":{"line":47,"column":43},"end":{"line":47,"column":91}},{"start":{"line":47,"column":91},"end":{"line":47,"column":null}}],"line":47},"4":{"loc":{"start":{"line":52,"column":17},"end":{"line":57,"column":null}},"type":"cond-expr","locations":[{"start":{"line":52,"column":26},"end":{"line":57,"column":19}},{"start":{"line":57,"column":18},"end":{"line":57,"column":null}}],"line":52}},"s":{"0":0,"1":0,"2":0,"3":0,"4":0,"5":0,"6":0,"7":0,"8":0},"f":{"0":0,"1":0,"2":0,"3":0},"b":{"0":[0],"1":[0],"2":[0,0],"3":[0,0],"4":[0,0]},"meta":{"lastBranch":5,"lastFunction":4,"lastStatement":9,"seen":{"f:25:24:25:41":0,"b:26:10:26:25":0,"b:28:14:28:16":1,"s:30:18:30:Infinity":0,"s:32:24:32:Infinity":1,"f:32:37:32:38":1,"s:32:52:32:70":2,"s:33:21:33:Infinity":3,"f:33:34:33:35":2,"s:33:49:33:65":4,"s:34:25:34:Infinity":5,"b:34:42:34:91:34:91:34:Infinity":2,"s:36:2:76:Infinity":6,"f:46:19:46:20":3,"s:47:26:47:Infinity":7,"b:47:43:47:91:47:91:47:Infinity":3,"s:49:10:50:31":8,"b:52:26:57:19:57:18:57:Infinity":4}}}
,"/home/faion/Projects/faion-network-storybook/src/components/user-dashboard/SubscriptionCard.tsx": {"path":"/home/faion/Projects/faion-network-storybook/src/components/user-dashboard/SubscriptionCard.tsx","statementMap":{"0":{"start":{"line":40,"column":18},"end":{"line":45,"column":null}},"1":{"start":{"line":47,"column":24},"end":{"line":53,"column":null}},"2":{"start":{"line":55,"column":22},"end":{"line":55,"column":null}},"3":{"start":{"line":57,"column":2},"end":{"line":106,"column":null}},"4":{"start":{"line":116,"column":49},"end":{"line":154,"column":null}},"5":{"start":{"line":156,"column":2},"end":{"line":158,"column":null}}},"fnMap":{"0":{"name":"SubscriptionCard","decl":{"start":{"line":29,"column":24},"end":{"line":29,"column":41}},"loc":{"start":{"line":39,"column":24},"end":{"line":113,"column":null}},"line":39},"1":{"name":"TierIcon","decl":{"start":{"line":115,"column":9},"end":{"line":115,"column":18}},"loc":{"start":{"line":115,"column":44},"end":{"line":161,"column":null}},"line":115}},"branchMap":{"0":{"loc":{"start":{"line":35,"column":2},"end":{"line":35,"column":17}},"type":"default-arg","locations":[{"start":{"line":35,"column":13},"end":{"line":35,"column":17}}],"line":35},"1":{"loc":{"start":{"line":38,"column":2},"end":{"line":38,"column":16}},"type":"default-arg","locations":[{"start":{"line":38,"column":14},"end":{"line":38,"column":16}}],"line":38},"2":{"loc":{"start":{"line":43,"column":4},"end":{"line":43,"column":null}},"type":"cond-expr","locations":[{"start":{"line":43,"column":16},"end":{"line":43,"column":51}},{"start":{"line":43,"column":51},"end":{"line":43,"column":null}}],"line":43},"3":{"loc":{"start":{"line":47,"column":24},"end":{"line":53,"column":null}},"type":"cond-expr","locations":[{"start":{"line":48,"column":6},"end":{"line":52,"column":null}},{"start":{"line":53,"column":6},"end":{"line":53,"column":null}}],"line":47},"4":{"loc":{"start":{"line":55,"column":22},"end":{"line":55,"column":null}},"type":"binary-expr","locations":[{"start":{"line":55,"column":22},"end":{"line":55,"column":41}},{"start":{"line":55,"column":41},"end":{"line":55,"column":null}}],"line":55},"5":{"loc":{"start":{"line":64,"column":91},"end":{"line":64,"column":125}},"type":"cond-expr","locations":[{"start":{"line":64,"column":102},"end":{"line":64,"column":113}},{"start":{"line":64,"column":113},"end":{"line":64,"column":125}}],"line":64},"6":{"loc":{"start":{"line":65,"column":15},"end":{"line":65,"column":null}},"type":"cond-expr","locations":[{"start":{"line":65,"column":26},"end":{"line":65,"column":37}},{"start":{"line":65,"column":37},"end":{"line":65,"column":null}}],"line":65},"7":{"loc":{"start":{"line":72,"column":8},"end":{"line":85,"column":null}},"type":"binary-expr","locations":[{"start":{"line":72,"column":8},"end":{"line":72,"column":31}},{"start":{"line":72,"column":31},"end":{"line":72,"column":43}},{"start":{"line":72,"column":43},"end":{"line":85,"column":null}}],"line":72},"8":{"loc":{"start":{"line":74,"column":11},"end":{"line":78,"column":null}},"type":"binary-expr","locations":[{"start":{"line":74,"column":11},"end":{"line":74,"column":null}},{"start":{"line":74,"column":21},"end":{"line":78,"column":null}}],"line":74},"9":{"loc":{"start":{"line":78,"column":26},"end":{"line":78,"column":null}},"type":"cond-expr","locations":[{"start":{"line":78,"column":49},"end":{"line":78,"column":58}},{"start":{"line":78,"column":58},"end":{"line":78,"column":null}}],"line":78},"10":{"loc":{"start":{"line":82,"column":11},"end":{"line":85,"column":null}},"type":"binary-expr","locations":[{"start":{"line":82,"column":11},"end":{"line":82,"column":null}},{"start":{"line":82,"column":11},"end":{"line":85,"column":null}}],"line":82},"11":{"loc":{"start":{"line":92,"column":9},"end":{"line":97,"column":null}},"type":"binary-expr","locations":[{"start":{"line":92,"column":9},"end":{"line":92,"column":24}},{"start":{"line":92,"column":24},"end":{"line":92,"column":null}},{"start":{"line":92,"column":24},"end":{"line":97,"column":null}}],"line":92},"12":{"loc":{"start":{"line":101,"column":9},"end":{"line":106,"column":null}},"type":"binary-expr","locations":[{"start":{"line":101,"column":9},"end":{"line":101,"column":21}},{"start":{"line":101,"column":21},"end":{"line":101,"column":null}},{"start":{"line":101,"column":30},"end":{"line":106,"column":null}}],"line":101},"13":{"loc":{"start":{"line":158,"column":7},"end":{"line":158,"column":null}},"type":"binary-expr","locations":[{"start":{"line":158,"column":7},"end":{"line":158,"column":18}},{"start":{"line":158,"column":22},"end":{"line":158,"column":null}}],"line":158}},"s":{"0":0,"1":0,"2":0,"3":0,"4":0,"5":0},"f":{"0":0,"1":0},"b":{"0":[0],"1":[0],"2":[0,0],"3":[0,0],"4":[0,0],"5":[0,0],"6":[0,0],"7":[0,0,0],"8":[0,0],"9":[0,0],"10":[0,0],"11":[0,0,0],"12":[0,0,0],"13":[0,0]},"meta":{"lastBranch":14,"lastFunction":2,"lastStatement":6,"seen":{"f:29:24:29:41":0,"b:35:13:35:17":0,"b:38:14:38:16":1,"s:40:18:45:Infinity":0,"b:43:16:43:51:43:51:43:Infinity":2,"s:47:24:53:Infinity":1,"b:48:6:52:Infinity:53:6:53:Infinity":3,"s:55:22:55:Infinity":2,"b:55:22:55:41:55:41:55:Infinity":4,"s:57:2:106:Infinity":3,"b:64:102:64:113:64:113:64:125":5,"b:65:26:65:37:65:37:65:Infinity":6,"b:72:8:72:31:72:31:72:43:72:43:85:Infinity":7,"b:74:11:74:Infinity:74:21:78:Infinity":8,"b:78:49:78:58:78:58:78:Infinity":9,"b:82:11:82:Infinity:82:11:85:Infinity":10,"b:92:9:92:24:92:24:92:Infinity:92:24:97:Infinity":11,"b:101:9:101:21:101:21:101:Infinity:101:30:106:Infinity":12,"f:115:9:115:18":1,"s:116:49:154:Infinity":4,"s:156:2:158:Infinity":5,"b:158:7:158:18:158:22:158:Infinity":13}}}
,"/home/faion/Projects/faion-network-storybook/src/components/user-dashboard/TeamMemberList.tsx": {"path":"/home/faion/Projects/faion-network-storybook/src/components/user-dashboard/TeamMemberList.tsx","statementMap":{"0":{"start":{"line":41,"column":18},"end":{"line":41,"column":null}},"1":{"start":{"line":43,"column":45},"end":{"line":47,"column":null}},"2":{"start":{"line":49,"column":2},"end":{"line":139,"column":null}},"3":{"start":{"line":68,"column":29},"end":{"line":68,"column":null}},"4":{"start":{"line":69,"column":30},"end":{"line":69,"column":null}},"5":{"start":{"line":70,"column":32},"end":{"line":70,"column":null}},"6":{"start":{"line":72,"column":14},"end":{"line":73,"column":null}},"7":{"start":{"line":108,"column":41},"end":{"line":108,"column":null}},"8":{"start":{"line":117,"column":43},"end":{"line":117,"column":null}},"9":{"start":{"line":127,"column":41},"end":{"line":127,"column":null}},"10":{"start":{"line":148,"column":2},"end":{"line":152,"column":null}},"11":{"start":{"line":151,"column":19},"end":{"line":151,"column":null}}},"fnMap":{"0":{"name":"TeamMemberList","decl":{"start":{"line":33,"column":24},"end":{"line":33,"column":39}},"loc":{"start":{"line":40,"column":22},"end":{"line":145,"column":null}},"line":40},"1":{"name":"(anonymous_1)","decl":{"start":{"line":67,"column":25},"end":{"line":67,"column":26}},"loc":{"start":{"line":67,"column":26},"end":{"line":139,"column":null}},"line":67},"2":{"name":"(anonymous_2)","decl":{"start":{"line":108,"column":35},"end":{"line":108,"column":41}},"loc":{"start":{"line":108,"column":41},"end":{"line":108,"column":null}},"line":108},"3":{"name":"(anonymous_3)","decl":{"start":{"line":117,"column":36},"end":{"line":117,"column":37}},"loc":{"start":{"line":117,"column":43},"end":{"line":117,"column":null}},"line":117},"4":{"name":"(anonymous_4)","decl":{"start":{"line":127,"column":35},"end":{"line":127,"column":41}},"loc":{"start":{"line":127,"column":41},"end":{"line":127,"column":null}},"line":127},"5":{"name":"getInitials","decl":{"start":{"line":147,"column":9},"end":{"line":147,"column":21}},"loc":{"start":{"line":147,"column":33},"end":{"line":153,"column":null}},"line":147},"6":{"name":"(anonymous_6)","decl":{"start":{"line":151,"column":9},"end":{"line":151,"column":10}},"loc":{"start":{"line":151,"column":19},"end":{"line":151,"column":null}},"line":151}},"branchMap":{"0":{"loc":{"start":{"line":39,"column":2},"end":{"line":39,"column":16}},"type":"default-arg","locations":[{"start":{"line":39,"column":14},"end":{"line":39,"column":16}}],"line":39},"1":{"loc":{"start":{"line":70,"column":32},"end":{"line":70,"column":null}},"type":"binary-expr","locations":[{"start":{"line":70,"column":32},"end":{"line":70,"column":43}},{"start":{"line":70,"column":43},"end":{"line":70,"column":null}}],"line":70},"2":{"loc":{"start":{"line":77,"column":25},"end":{"line":80,"column":null}},"type":"cond-expr","locations":[{"start":{"line":77,"column":38},"end":{"line":80,"column":27}},{"start":{"line":80,"column":26},"end":{"line":80,"column":null}}],"line":77},"3":{"loc":{"start":{"line":80,"column":45},"end":{"line":80,"column":72}},"type":"binary-expr","locations":[{"start":{"line":80,"column":45},"end":{"line":80,"column":56}},{"start":{"line":80,"column":60},"end":{"line":80,"column":72}}],"line":80},"4":{"loc":{"start":{"line":85,"column":27},"end":{"line":85,"column":null}},"type":"binary-expr","locations":[{"start":{"line":85,"column":27},"end":{"line":85,"column":38}},{"start":{"line":85,"column":42},"end":{"line":85,"column":null}}],"line":85},"5":{"loc":{"start":{"line":86,"column":27},"end":{"line":86,"column":null}},"type":"binary-expr","locations":[{"start":{"line":86,"column":27},"end":{"line":86,"column":37}},{"start":{"line":86,"column":27},"end":{"line":86,"column":null}}],"line":86},"6":{"loc":{"start":{"line":99,"column":23},"end":{"line":99,"column":null}},"type":"cond-expr","locations":[{"start":{"line":99,"column":52},"end":{"line":99,"column":63}},{"start":{"line":99,"column":63},"end":{"line":99,"column":null}}],"line":99},"7":{"loc":{"start":{"line":104,"column":23},"end":{"line":109,"column":null}},"type":"binary-expr","locations":[{"start":{"line":104,"column":23},"end":{"line":104,"column":36}},{"start":{"line":104,"column":36},"end":{"line":104,"column":67}},{"start":{"line":104,"column":67},"end":{"line":104,"column":null}},{"start":{"line":104,"column":67},"end":{"line":109,"column":null}}],"line":104},"8":{"loc":{"start":{"line":113,"column":23},"end":{"line":120,"column":null}},"type":"binary-expr","locations":[{"start":{"line":113,"column":23},"end":{"line":113,"column":36}},{"start":{"line":113,"column":36},"end":{"line":113,"column":null}},{"start":{"line":113,"column":36},"end":{"line":120,"column":null}}],"line":113},"9":{"loc":{"start":{"line":123,"column":23},"end":{"line":128,"column":null}},"type":"binary-expr","locations":[{"start":{"line":123,"column":23},"end":{"line":123,"column":36}},{"start":{"line":123,"column":36},"end":{"line":123,"column":null}},{"start":{"line":123,"column":36},"end":{"line":128,"column":null}}],"line":123},"10":{"loc":{"start":{"line":132,"column":23},"end":{"line":133,"column":null}},"type":"binary-expr","locations":[{"start":{"line":132,"column":23},"end":{"line":132,"column":null}},{"start":{"line":132,"column":24},"end":{"line":133,"column":null}}],"line":132},"11":{"loc":{"start":{"line":151,"column":19},"end":{"line":151,"column":null}},"type":"binary-expr","locations":[{"start":{"line":151,"column":19},"end":{"line":151,"column":45}},{"start":{"line":151,"column":45},"end":{"line":151,"column":null}}],"line":151}},"s":{"0":0,"1":0,"2":0,"3":0,"4":0,"5":0,"6":0,"7":0,"8":0,"9":0,"10":0,"11":0},"f":{"0":0,"1":0,"2":0,"3":0,"4":0,"5":0,"6":0},"b":{"0":[0],"1":[0,0],"2":[0,0],"3":[0,0],"4":[0,0],"5":[0,0],"6":[0,0],"7":[0,0,0,0],"8":[0,0,0],"9":[0,0,0],"10":[0,0],"11":[0,0]},"meta":{"lastBranch":12,"lastFunction":7,"lastStatement":12,"seen":{"f:33:24:33:39":0,"b:39:14:39:16":0,"s:41:18:41:Infinity":0,"s:43:45:47:Infinity":1,"s:49:2:139:Infinity":2,"f:67:25:67:26":1,"s:68:29:68:Infinity":3,"s:69:30:69:Infinity":4,"s:70:32:70:Infinity":5,"b:70:32:70:43:70:43:70:Infinity":1,"s:72:14:73:Infinity":6,"b:77:38:80:27:80:26:80:Infinity":2,"b:80:45:80:56:80:60:80:72":3,"b:85:27:85:38:85:42:85:Infinity":4,"b:86:27:86:37:86:27:86:Infinity":5,"b:99:52:99:63:99:63:99:Infinity":6,"b:104:23:104:36:104:36:104:67:104:67:104:Infinity:104:67:109:Infinity":7,"f:108:35:108:41":2,"s:108:41:108:Infinity":7,"b:113:23:113:36:113:36:113:Infinity:113:36:120:Infinity":8,"f:117:36:117:37":3,"s:117:43:117:Infinity":8,"b:123:23:123:36:123:36:123:Infinity:123:36:128:Infinity":9,"f:127:35:127:41":4,"s:127:41:127:Infinity":9,"b:132:23:132:Infinity:132:24:133:Infinity":10,"f:147:9:147:21":5,"s:148:2:152:Infinity":10,"f:151:9:151:10":6,"s:151:19:151:Infinity":11,"b:151:19:151:45:151:45:151:Infinity":11}}}
}
